!SESSION 2023-01-10 20:10:41.381 -----------------------------------------------
eclipse.buildId=4.26.0.20221201-1200
java.version=19.0.1
java.vendor=Eclipse Adoptium
BootLoader constants: OS=win32, ARCH=x86_64, WS=win32, NL=pt_BR
Framework arguments:  -product org.eclipse.epp.package.jee.product
Command-line arguments:  -os win32 -ws win32 -arch x86_64 -product org.eclipse.epp.package.jee.product

This is a continuation of log file C:\Users\walke\One Drive Programação\OneDrive\Java\Workspace - Curso Java Cod3r\.metadata\.bak_0.log
Created Time: 2023-01-10 20:11:22.259

!ENTRY ch.qos.logback.classic 1 0 2023-01-10 20:11:22.259
!MESSAGE Logback config file: C:\Users\walke\One Drive Programação\OneDrive\Java\Workspace - Curso Java Cod3r\.metadata\.plugins\org.eclipse.m2e.logback\logback.2.1.0.20221015-0744.xml

!ENTRY org.eclipse.jface 2 0 2023-01-10 20:11:23.675
!MESSAGE Keybinding conflicts occurred.  They may interfere with normal accelerator operation.
!SUBENTRY 1 org.eclipse.jface 2 0 2023-01-10 20:11:23.675
!MESSAGE A conflict occurred for CTRL+SHIFT+T:
Binding(CTRL+SHIFT+T,
	ParameterizedCommand(Command(org.eclipse.jdt.ui.navigate.open.type,Open Type,
		Open a type in a Java editor,
		Category(org.eclipse.ui.category.navigate,Navigate,null,true),
		WorkbenchHandlerServiceHandler("org.eclipse.jdt.ui.navigate.open.type"),
		,,true),null),
	org.eclipse.ui.defaultAcceleratorConfiguration,
	org.eclipse.ui.contexts.window,,,system)
Binding(CTRL+SHIFT+T,
	ParameterizedCommand(Command(org.eclipse.lsp4e.symbolinworkspace,Go to Symbol in Workspace,
		,
		Category(org.eclipse.lsp4e.category,Language Servers,null,true),
		WorkbenchHandlerServiceHandler("org.eclipse.lsp4e.symbolinworkspace"),
		,,true),null),
	org.eclipse.ui.defaultAcceleratorConfiguration,
	org.eclipse.ui.contexts.window,,,system)
!SUBENTRY 1 org.eclipse.jface 2 0 2023-01-10 20:11:23.675
!MESSAGE A conflict occurred for ALT+SHIFT+R:
Binding(ALT+SHIFT+R,
	ParameterizedCommand(Command(org.eclipse.jdt.ui.edit.text.java.rename.element,Rename - Refactoring ,
		Rename the selected element,
		Category(org.eclipse.jdt.ui.category.refactoring,Refactor - Java,Java Refactoring Actions,true),
		WorkbenchHandlerServiceHandler("org.eclipse.jdt.ui.edit.text.java.rename.element"),
		,,true),null),
	org.eclipse.ui.defaultAcceleratorConfiguration,
	org.eclipse.ui.contexts.window,,,system)
Binding(ALT+SHIFT+R,
	ParameterizedCommand(Command(org.eclipse.ui.edit.rename,Rename,
		Rename the selected item,
		Category(org.eclipse.ui.category.file,File,null,true),
		WorkbenchHandlerServiceHandler("org.eclipse.ui.edit.rename"),
		,,true),null),
	org.eclipse.ui.defaultAcceleratorConfiguration,
	org.eclipse.ui.contexts.window,,,system)

!ENTRY org.eclipse.egit.ui 2 0 2023-01-10 20:11:27.599
!MESSAGE Warning: The environment variable HOME is not set. The following directory will be used to store the Git
user global configuration and to define the default location to store repositories: 'C:\Users\walke'. If this is
not correct please set the HOME environment variable and restart Eclipse. Otherwise Git for Windows and
EGit might behave differently since they see different configuration options.
This warning can be switched off on the Team > Git > Confirmations and Warnings preference page.
!SESSION 2023-01-11 12:55:58.027 -----------------------------------------------
eclipse.buildId=4.26.0.20221201-1200
java.version=19.0.1
java.vendor=Eclipse Adoptium
BootLoader constants: OS=win32, ARCH=x86_64, WS=win32, NL=pt_BR
Framework arguments:  -product org.eclipse.epp.package.jee.product
Command-line arguments:  -os win32 -ws win32 -arch x86_64 -product org.eclipse.epp.package.jee.product

!ENTRY ch.qos.logback.classic 1 0 2023-01-11 12:55:58.896
!MESSAGE Activated before the state location was initialized. Retry after the state location is initialized.

!ENTRY org.eclipse.core.resources 4 567 2023-01-11 12:56:04.386
!MESSAGE Workspace restored, but some problems occurred.
!SUBENTRY 1 org.eclipse.core.resources 4 567 2023-01-11 12:56:04.386
!MESSAGE Could not read metadata for '.org.eclipse.egit.core.cmp'.
!STACK 1
org.eclipse.core.internal.resources.ResourceException(/.org.eclipse.egit.core.cmp)[567]: java.lang.Exception: The project description file (.project) for '.org.eclipse.egit.core.cmp' is missing.  This file contains important information about the project.  The project will not function properly until this file is restored.
	at org.eclipse.core.internal.resources.ResourceException.provideStackTrace(ResourceException.java:42)
	at org.eclipse.core.internal.resources.ResourceException.<init>(ResourceException.java:38)
	at org.eclipse.core.internal.localstore.FileSystemResourceManager.read(FileSystemResourceManager.java:908)
	at org.eclipse.core.internal.resources.SaveManager.restoreMetaInfo(SaveManager.java:895)
	at org.eclipse.core.internal.resources.SaveManager.restoreMetaInfo(SaveManager.java:875)
	at org.eclipse.core.internal.resources.SaveManager.restore(SaveManager.java:731)
	at org.eclipse.core.internal.resources.SaveManager.startup(SaveManager.java:1585)
	at org.eclipse.core.internal.resources.Workspace.startup(Workspace.java:2547)
	at org.eclipse.core.internal.resources.Workspace.open(Workspace.java:2252)
	at org.eclipse.core.resources.ResourcesPlugin$WorkspaceInitCustomizer.addingService(ResourcesPlugin.java:571)
	at org.eclipse.core.resources.ResourcesPlugin$WorkspaceInitCustomizer.addingService(ResourcesPlugin.java:1)
	at org.osgi.util.tracker.ServiceTracker$Tracked.customizerAdding(ServiceTracker.java:943)
	at org.osgi.util.tracker.ServiceTracker$Tracked.customizerAdding(ServiceTracker.java:1)
	at org.osgi.util.tracker.AbstractTracked.trackAdding(AbstractTracked.java:256)
	at org.osgi.util.tracker.AbstractTracked.trackInitial(AbstractTracked.java:183)
	at org.osgi.util.tracker.ServiceTracker.open(ServiceTracker.java:321)
	at org.osgi.util.tracker.ServiceTracker.open(ServiceTracker.java:264)
	at org.eclipse.core.resources.ResourcesPlugin.start(ResourcesPlugin.java:545)
	at org.eclipse.osgi.internal.framework.BundleContextImpl$2.run(BundleContextImpl.java:818)
	at org.eclipse.osgi.internal.framework.BundleContextImpl$2.run(BundleContextImpl.java:1)
	at java.base/java.security.AccessController.doPrivileged(AccessController.java:569)
	at org.eclipse.osgi.internal.framework.BundleContextImpl.startActivator(BundleContextImpl.java:810)
	at org.eclipse.osgi.internal.framework.BundleContextImpl.start(BundleContextImpl.java:767)
	at org.eclipse.osgi.internal.framework.EquinoxBundle.startWorker0(EquinoxBundle.java:1032)
	at org.eclipse.osgi.internal.framework.EquinoxBundle$EquinoxModule.startWorker(EquinoxBundle.java:371)
	at org.eclipse.osgi.container.Module.doStart(Module.java:605)
	at org.eclipse.osgi.container.Module.start(Module.java:468)
	at org.eclipse.osgi.framework.util.SecureAction.start(SecureAction.java:513)
	at org.eclipse.osgi.internal.hooks.EclipseLazyStarter.postFindLocalClass(EclipseLazyStarter.java:117)
	at org.eclipse.osgi.internal.loader.classpath.ClasspathManager.findLocalClass(ClasspathManager.java:570)
	at org.eclipse.osgi.internal.loader.ModuleClassLoader.findLocalClass(ModuleClassLoader.java:335)
	at org.eclipse.osgi.internal.loader.BundleLoader.findLocalClass(BundleLoader.java:397)
	at org.eclipse.osgi.internal.loader.sources.SingleSourcePackage.loadClass(SingleSourcePackage.java:41)
	at org.eclipse.osgi.internal.loader.BundleLoader.findClass0(BundleLoader.java:496)
	at org.eclipse.osgi.internal.loader.BundleLoader.findClass(BundleLoader.java:416)
	at org.eclipse.osgi.internal.loader.ModuleClassLoader.loadClass(ModuleClassLoader.java:168)
	at java.base/java.lang.ClassLoader.loadClass(ClassLoader.java:521)
	at org.eclipse.ui.internal.ide.application.IDEApplication.start(IDEApplication.java:153)
	at org.eclipse.equinox.internal.app.EclipseAppHandle.run(EclipseAppHandle.java:203)
	at org.eclipse.core.runtime.internal.adaptor.EclipseAppLauncher.runApplication(EclipseAppLauncher.java:136)
	at org.eclipse.core.runtime.internal.adaptor.EclipseAppLauncher.start(EclipseAppLauncher.java:104)
	at org.eclipse.core.runtime.adaptor.EclipseStarter.run(EclipseStarter.java:402)
	at org.eclipse.core.runtime.adaptor.EclipseStarter.run(EclipseStarter.java:255)
	at java.base/jdk.internal.reflect.DirectMethodHandleAccessor.invoke(DirectMethodHandleAccessor.java:104)
	at java.base/java.lang.reflect.Method.invoke(Method.java:578)
	at org.eclipse.equinox.launcher.Main.invokeFramework(Main.java:659)
	at org.eclipse.equinox.launcher.Main.basicRun(Main.java:596)
	at org.eclipse.equinox.launcher.Main.run(Main.java:1467)
!SUBENTRY 2 org.eclipse.core.resources 4 567 2023-01-11 12:56:04.387
!MESSAGE The project description file (.project) for '.org.eclipse.egit.core.cmp' is missing.  This file contains important information about the project.  The project will not function properly until this file is restored.
!STACK 0
java.lang.Exception: The project description file (.project) for '.org.eclipse.egit.core.cmp' is missing.  This file contains important information about the project.  The project will not function properly until this file is restored.
	at org.eclipse.core.internal.resources.ResourceException.provideStackTrace(ResourceException.java:42)
	at org.eclipse.core.internal.resources.ResourceException.<init>(ResourceException.java:38)
	at org.eclipse.core.internal.localstore.FileSystemResourceManager.read(FileSystemResourceManager.java:908)
	at org.eclipse.core.internal.resources.SaveManager.restoreMetaInfo(SaveManager.java:895)
	at org.eclipse.core.internal.resources.SaveManager.restoreMetaInfo(SaveManager.java:875)
	at org.eclipse.core.internal.resources.SaveManager.restore(SaveManager.java:731)
	at org.eclipse.core.internal.resources.SaveManager.startup(SaveManager.java:1585)
	at org.eclipse.core.internal.resources.Workspace.startup(Workspace.java:2547)
	at org.eclipse.core.internal.resources.Workspace.open(Workspace.java:2252)
	at org.eclipse.core.resources.ResourcesPlugin$WorkspaceInitCustomizer.addingService(ResourcesPlugin.java:571)
	at org.eclipse.core.resources.ResourcesPlugin$WorkspaceInitCustomizer.addingService(ResourcesPlugin.java:1)
	at org.osgi.util.tracker.ServiceTracker$Tracked.customizerAdding(ServiceTracker.java:943)
	at org.osgi.util.tracker.ServiceTracker$Tracked.customizerAdding(ServiceTracker.java:1)
	at org.osgi.util.tracker.AbstractTracked.trackAdding(AbstractTracked.java:256)
	at org.osgi.util.tracker.AbstractTracked.trackInitial(AbstractTracked.java:183)
	at org.osgi.util.tracker.ServiceTracker.open(ServiceTracker.java:321)
	at org.osgi.util.tracker.ServiceTracker.open(ServiceTracker.java:264)
	at org.eclipse.core.resources.ResourcesPlugin.start(ResourcesPlugin.java:545)
	at org.eclipse.osgi.internal.framework.BundleContextImpl$2.run(BundleContextImpl.java:818)
	at org.eclipse.osgi.internal.framework.BundleContextImpl$2.run(BundleContextImpl.java:1)
	at java.base/java.security.AccessController.doPrivileged(AccessController.java:569)
	at org.eclipse.osgi.internal.framework.BundleContextImpl.startActivator(BundleContextImpl.java:810)
	at org.eclipse.osgi.internal.framework.BundleContextImpl.start(BundleContextImpl.java:767)
	at org.eclipse.osgi.internal.framework.EquinoxBundle.startWorker0(EquinoxBundle.java:1032)
	at org.eclipse.osgi.internal.framework.EquinoxBundle$EquinoxModule.startWorker(EquinoxBundle.java:371)
	at org.eclipse.osgi.container.Module.doStart(Module.java:605)
	at org.eclipse.osgi.container.Module.start(Module.java:468)
	at org.eclipse.osgi.framework.util.SecureAction.start(SecureAction.java:513)
	at org.eclipse.osgi.internal.hooks.EclipseLazyStarter.postFindLocalClass(EclipseLazyStarter.java:117)
	at org.eclipse.osgi.internal.loader.classpath.ClasspathManager.findLocalClass(ClasspathManager.java:570)
	at org.eclipse.osgi.internal.loader.ModuleClassLoader.findLocalClass(ModuleClassLoader.java:335)
	at org.eclipse.osgi.internal.loader.BundleLoader.findLocalClass(BundleLoader.java:397)
	at org.eclipse.osgi.internal.loader.sources.SingleSourcePackage.loadClass(SingleSourcePackage.java:41)
	at org.eclipse.osgi.internal.loader.BundleLoader.findClass0(BundleLoader.java:496)
	at org.eclipse.osgi.internal.loader.BundleLoader.findClass(BundleLoader.java:416)
	at org.eclipse.osgi.internal.loader.ModuleClassLoader.loadClass(ModuleClassLoader.java:168)
	at java.base/java.lang.ClassLoader.loadClass(ClassLoader.java:521)
	at org.eclipse.ui.internal.ide.application.IDEApplication.start(IDEApplication.java:153)
	at org.eclipse.equinox.internal.app.EclipseAppHandle.run(EclipseAppHandle.java:203)
	at org.eclipse.core.runtime.internal.adaptor.EclipseAppLauncher.runApplication(EclipseAppLauncher.java:136)
	at org.eclipse.core.runtime.internal.adaptor.EclipseAppLauncher.start(EclipseAppLauncher.java:104)
	at org.eclipse.core.runtime.adaptor.EclipseStarter.run(EclipseStarter.java:402)
	at org.eclipse.core.runtime.adaptor.EclipseStarter.run(EclipseStarter.java:255)
	at java.base/jdk.internal.reflect.DirectMethodHandleAccessor.invoke(DirectMethodHandleAccessor.java:104)
	at java.base/java.lang.reflect.Method.invoke(Method.java:578)
	at org.eclipse.equinox.launcher.Main.invokeFramework(Main.java:659)
	at org.eclipse.equinox.launcher.Main.basicRun(Main.java:596)
	at org.eclipse.equinox.launcher.Main.run(Main.java:1467)

!ENTRY ch.qos.logback.classic 1 0 2023-01-11 12:56:07.073
!MESSAGE Logback config file: C:\Users\walke\One Drive Programação\OneDrive\Java\Workspace-CursoJavaCod3r\.metadata\.plugins\org.eclipse.m2e.logback\logback.2.1.0.20221015-0744.xml

!ENTRY org.eclipse.jface 2 0 2023-01-11 12:56:15.045
!MESSAGE Keybinding conflicts occurred.  They may interfere with normal accelerator operation.
!SUBENTRY 1 org.eclipse.jface 2 0 2023-01-11 12:56:15.045
!MESSAGE A conflict occurred for CTRL+SHIFT+T:
Binding(CTRL+SHIFT+T,
	ParameterizedCommand(Command(org.eclipse.jdt.ui.navigate.open.type,Open Type,
		Open a type in a Java editor,
		Category(org.eclipse.ui.category.navigate,Navigate,null,true),
		WorkbenchHandlerServiceHandler("org.eclipse.jdt.ui.navigate.open.type"),
		,,true),null),
	org.eclipse.ui.defaultAcceleratorConfiguration,
	org.eclipse.ui.contexts.window,,,system)
Binding(CTRL+SHIFT+T,
	ParameterizedCommand(Command(org.eclipse.lsp4e.symbolinworkspace,Go to Symbol in Workspace,
		,
		Category(org.eclipse.lsp4e.category,Language Servers,null,true),
		WorkbenchHandlerServiceHandler("org.eclipse.lsp4e.symbolinworkspace"),
		,,true),null),
	org.eclipse.ui.defaultAcceleratorConfiguration,
	org.eclipse.ui.contexts.window,,,system)
!SUBENTRY 1 org.eclipse.jface 2 0 2023-01-11 12:56:15.045
!MESSAGE A conflict occurred for ALT+SHIFT+R:
Binding(ALT+SHIFT+R,
	ParameterizedCommand(Command(org.eclipse.jdt.ui.edit.text.java.rename.element,Rename - Refactoring ,
		Rename the selected element,
		Category(org.eclipse.jdt.ui.category.refactoring,Refactor - Java,Java Refactoring Actions,true),
		WorkbenchHandlerServiceHandler("org.eclipse.jdt.ui.edit.text.java.rename.element"),
		,,true),null),
	org.eclipse.ui.defaultAcceleratorConfiguration,
	org.eclipse.ui.contexts.window,,,system)
Binding(ALT+SHIFT+R,
	ParameterizedCommand(Command(org.eclipse.ui.edit.rename,Rename,
		Rename the selected item,
		Category(org.eclipse.ui.category.file,File,null,true),
		WorkbenchHandlerServiceHandler("org.eclipse.ui.edit.rename"),
		,,true),null),
	org.eclipse.ui.defaultAcceleratorConfiguration,
	org.eclipse.ui.contexts.window,,,system)

!ENTRY org.eclipse.egit.ui 2 0 2023-01-11 12:56:19.117
!MESSAGE Warning: The environment variable HOME is not set. The following directory will be used to store the Git
user global configuration and to define the default location to store repositories: 'C:\Users\walke'. If this is
not correct please set the HOME environment variable and restart Eclipse. Otherwise Git for Windows and
EGit might behave differently since they see different configuration options.
This warning can be switched off on the Team > Git > Confirmations and Warnings preference page.

!ENTRY org.eclipse.equinox.preferences 4 2 2023-01-11 12:56:19.258
!MESSAGE Problems occurred when invoking code from plug-in: "org.eclipse.equinox.preferences".
!STACK 0
java.lang.IllegalStateException: Preference node ".org.eclipse.egit.core.cmp" has been removed.
	at org.eclipse.core.internal.preferences.EclipsePreferences.checkRemoved(EclipsePreferences.java:169)
	at org.eclipse.core.internal.preferences.EclipsePreferences.internalNode(EclipsePreferences.java:607)
	at org.eclipse.core.internal.preferences.EclipsePreferences.node(EclipsePreferences.java:759)
	at org.jboss.tools.quarkus.lsp4e.internal.ls.qute.QuteLanguageClient.removed(QuteLanguageClient.java:257)
	at org.eclipse.core.internal.preferences.EclipsePreferences$1.run(EclipsePreferences.java:777)
	at org.eclipse.core.runtime.SafeRunner.run(SafeRunner.java:45)
	at org.eclipse.core.internal.preferences.EclipsePreferences.fireNodeEvent(EclipsePreferences.java:780)
	at org.eclipse.core.internal.preferences.EclipsePreferences.removeNode(EclipsePreferences.java:988)
	at org.eclipse.core.internal.preferences.EclipsePreferences.removeNode(EclipsePreferences.java:970)
	at org.eclipse.core.internal.resources.ProjectPreferences.removeNode(ProjectPreferences.java:285)
	at org.eclipse.core.internal.resources.ProjectPreferences.deleted(ProjectPreferences.java:136)
	at org.eclipse.core.internal.resources.ProjectPreferences.deleted(ProjectPreferences.java:151)
	at org.eclipse.core.internal.resources.Resource.deleteResource(Resource.java:837)
	at org.eclipse.core.internal.resources.Project.deleteResource(Project.java:337)
	at org.eclipse.core.internal.resources.ResourceTree.deletedProject(ResourceTree.java:179)
	at org.eclipse.core.internal.resources.ResourceTree.standardDeleteProject(ResourceTree.java:890)
	at org.eclipse.core.internal.resources.Resource.unprotectedDelete(Resource.java:1806)
	at org.eclipse.core.internal.resources.Resource.delete(Resource.java:771)
	at org.eclipse.core.internal.resources.Project.delete(Project.java:326)
	at org.eclipse.egit.core.internal.efs.HiddenResources.openProject(HiddenResources.java:298)
	at org.eclipse.egit.core.internal.efs.HiddenResources.getHiddenProject(HiddenResources.java:274)
	at org.eclipse.egit.core.internal.efs.HiddenResources.initialize(HiddenResources.java:127)
	at org.eclipse.core.runtime.jobs.Job$2.run(Job.java:187)
	at org.eclipse.core.internal.jobs.Worker.run(Worker.java:63)
!SESSION 2023-01-16 16:01:49.545 -----------------------------------------------
eclipse.buildId=4.26.0.20221201-1200
java.version=19.0.1
java.vendor=Eclipse Adoptium
BootLoader constants: OS=win32, ARCH=x86_64, WS=win32, NL=pt_BR
Framework arguments:  -product org.eclipse.epp.package.jee.product
Command-line arguments:  -os win32 -ws win32 -arch x86_64 -product org.eclipse.epp.package.jee.product

!ENTRY ch.qos.logback.classic 1 0 2023-01-16 16:01:54.128
!MESSAGE Activated before the state location was initialized. Retry after the state location is initialized.

!ENTRY ch.qos.logback.classic 1 0 2023-01-16 16:03:21.285
!MESSAGE Logback config file: C:\Users\walke\One Drive Programação\OneDrive\Java\Workspace-CursoJavaCod3r\.metadata\.plugins\org.eclipse.m2e.logback\logback.2.1.0.20221015-0744.xml

!ENTRY org.eclipse.jface 2 0 2023-01-16 16:03:54.521
!MESSAGE Keybinding conflicts occurred.  They may interfere with normal accelerator operation.
!SUBENTRY 1 org.eclipse.jface 2 0 2023-01-16 16:03:54.521
!MESSAGE A conflict occurred for CTRL+SHIFT+T:
Binding(CTRL+SHIFT+T,
	ParameterizedCommand(Command(org.eclipse.jdt.ui.navigate.open.type,Open Type,
		Open a type in a Java editor,
		Category(org.eclipse.ui.category.navigate,Navigate,null,true),
		WorkbenchHandlerServiceHandler("org.eclipse.jdt.ui.navigate.open.type"),
		,,true),null),
	org.eclipse.ui.defaultAcceleratorConfiguration,
	org.eclipse.ui.contexts.window,,,system)
Binding(CTRL+SHIFT+T,
	ParameterizedCommand(Command(org.eclipse.lsp4e.symbolinworkspace,Go to Symbol in Workspace,
		,
		Category(org.eclipse.lsp4e.category,Language Servers,null,true),
		WorkbenchHandlerServiceHandler("org.eclipse.lsp4e.symbolinworkspace"),
		,,true),null),
	org.eclipse.ui.defaultAcceleratorConfiguration,
	org.eclipse.ui.contexts.window,,,system)
!SUBENTRY 1 org.eclipse.jface 2 0 2023-01-16 16:03:54.521
!MESSAGE A conflict occurred for ALT+SHIFT+R:
Binding(ALT+SHIFT+R,
	ParameterizedCommand(Command(org.eclipse.jdt.ui.edit.text.java.rename.element,Rename - Refactoring ,
		Rename the selected element,
		Category(org.eclipse.jdt.ui.category.refactoring,Refactor - Java,Java Refactoring Actions,true),
		WorkbenchHandlerServiceHandler("org.eclipse.jdt.ui.edit.text.java.rename.element"),
		,,true),null),
	org.eclipse.ui.defaultAcceleratorConfiguration,
	org.eclipse.ui.contexts.window,,,system)
Binding(ALT+SHIFT+R,
	ParameterizedCommand(Command(org.eclipse.ui.edit.rename,Rename,
		Rename the selected item,
		Category(org.eclipse.ui.category.file,File,null,true),
		WorkbenchHandlerServiceHandler("org.eclipse.ui.edit.rename"),
		,,true),null),
	org.eclipse.ui.defaultAcceleratorConfiguration,
	org.eclipse.ui.contexts.window,,,system)

!ENTRY org.eclipse.egit.ui 2 0 2023-01-16 16:03:59.132
!MESSAGE Warning: The environment variable HOME is not set. The following directory will be used to store the Git
user global configuration and to define the default location to store repositories: 'C:\Users\walke'. If this is
not correct please set the HOME environment variable and restart Eclipse. Otherwise Git for Windows and
EGit might behave differently since they see different configuration options.
This warning can be switched off on the Team > Git > Confirmations and Warnings preference page.

!ENTRY org.eclipse.core.resources 4 2 2023-01-16 16:17:14.164
!MESSAGE Problems occurred when invoking code from plug-in: "org.eclipse.core.resources".
!STACK 0
java.lang.ArrayIndexOutOfBoundsException: Index 0 out of bounds for length 0
	at org.eclipse.jdt.internal.compiler.lookup.ModuleBinding.getOrCreateDeclaredPackage(ModuleBinding.java:338)
	at org.eclipse.jdt.internal.compiler.lookup.BinaryModuleBinding$AutomaticModuleBinding.getDeclaredPackage(BinaryModuleBinding.java:66)
	at org.eclipse.jdt.internal.compiler.lookup.ModuleBinding.combineWithPackagesFromOtherRelevantModules(ModuleBinding.java:669)
	at org.eclipse.jdt.internal.compiler.lookup.LookupEnvironment.createPlainPackage(LookupEnvironment.java:1112)
	at org.eclipse.jdt.internal.compiler.lookup.CompilationUnitScope.buildTypeBindings(CompilationUnitScope.java:136)
	at org.eclipse.jdt.internal.compiler.lookup.LookupEnvironment.buildTypeBindings(LookupEnvironment.java:478)
	at org.eclipse.jdt.internal.compiler.Compiler.internalBeginToCompile(Compiler.java:856)
	at org.eclipse.jdt.internal.compiler.Compiler.beginToCompile(Compiler.java:394)
	at org.eclipse.jdt.internal.compiler.Compiler.compile(Compiler.java:444)
	at org.eclipse.jdt.internal.compiler.Compiler.compile(Compiler.java:426)
	at org.eclipse.jdt.internal.core.builder.AbstractImageBuilder.compile(AbstractImageBuilder.java:379)
	at org.eclipse.jdt.internal.core.builder.BatchImageBuilder.compile(BatchImageBuilder.java:214)
	at org.eclipse.jdt.internal.core.builder.AbstractImageBuilder.compile(AbstractImageBuilder.java:311)
	at org.eclipse.jdt.internal.core.builder.BatchImageBuilder.build(BatchImageBuilder.java:79)
	at org.eclipse.jdt.internal.core.builder.JavaBuilder.buildAll(JavaBuilder.java:273)
	at org.eclipse.jdt.internal.core.builder.JavaBuilder.build(JavaBuilder.java:199)
	at org.eclipse.core.internal.events.BuildManager$2.run(BuildManager.java:1020)
	at org.eclipse.core.runtime.SafeRunner.run(SafeRunner.java:45)
	at org.eclipse.core.internal.events.BuildManager.basicBuild(BuildManager.java:247)
	at org.eclipse.core.internal.events.BuildManager.basicBuild(BuildManager.java:303)
	at org.eclipse.core.internal.events.BuildManager$1.run(BuildManager.java:392)
	at org.eclipse.core.runtime.SafeRunner.run(SafeRunner.java:45)
	at org.eclipse.core.internal.events.BuildManager.basicBuild(BuildManager.java:395)
	at org.eclipse.core.internal.events.BuildManager.basicBuildLoop(BuildManager.java:506)
	at org.eclipse.core.internal.events.BuildManager.basicBuildLoop(BuildManager.java:454)
	at org.eclipse.core.internal.events.BuildManager.build(BuildManager.java:536)
	at org.eclipse.core.internal.events.AutoBuildJob.doBuild(AutoBuildJob.java:161)
	at org.eclipse.core.internal.events.AutoBuildJob.run(AutoBuildJob.java:255)
	at org.eclipse.core.internal.jobs.Worker.run(Worker.java:63)

!ENTRY org.eclipse.core.resources 4 75 2023-01-16 16:17:14.174
!MESSAGE Errors occurred during the build.
!SUBENTRY 1 org.eclipse.jdt.core 4 75 2023-01-16 16:17:14.175
!MESSAGE Errors running builder 'Java Builder' on project 'app-financeiro'.
!STACK 0
java.lang.ArrayIndexOutOfBoundsException: Index 0 out of bounds for length 0
	at org.eclipse.jdt.internal.compiler.lookup.ModuleBinding.getOrCreateDeclaredPackage(ModuleBinding.java:338)
	at org.eclipse.jdt.internal.compiler.lookup.BinaryModuleBinding$AutomaticModuleBinding.getDeclaredPackage(BinaryModuleBinding.java:66)
	at org.eclipse.jdt.internal.compiler.lookup.ModuleBinding.combineWithPackagesFromOtherRelevantModules(ModuleBinding.java:669)
	at org.eclipse.jdt.internal.compiler.lookup.LookupEnvironment.createPlainPackage(LookupEnvironment.java:1112)
	at org.eclipse.jdt.internal.compiler.lookup.CompilationUnitScope.buildTypeBindings(CompilationUnitScope.java:136)
	at org.eclipse.jdt.internal.compiler.lookup.LookupEnvironment.buildTypeBindings(LookupEnvironment.java:478)
	at org.eclipse.jdt.internal.compiler.Compiler.internalBeginToCompile(Compiler.java:856)
	at org.eclipse.jdt.internal.compiler.Compiler.beginToCompile(Compiler.java:394)
	at org.eclipse.jdt.internal.compiler.Compiler.compile(Compiler.java:444)
	at org.eclipse.jdt.internal.compiler.Compiler.compile(Compiler.java:426)
	at org.eclipse.jdt.internal.core.builder.AbstractImageBuilder.compile(AbstractImageBuilder.java:379)
	at org.eclipse.jdt.internal.core.builder.BatchImageBuilder.compile(BatchImageBuilder.java:214)
	at org.eclipse.jdt.internal.core.builder.AbstractImageBuilder.compile(AbstractImageBuilder.java:311)
	at org.eclipse.jdt.internal.core.builder.BatchImageBuilder.build(BatchImageBuilder.java:79)
	at org.eclipse.jdt.internal.core.builder.JavaBuilder.buildAll(JavaBuilder.java:273)
	at org.eclipse.jdt.internal.core.builder.JavaBuilder.build(JavaBuilder.java:199)
	at org.eclipse.core.internal.events.BuildManager$2.run(BuildManager.java:1020)
	at org.eclipse.core.runtime.SafeRunner.run(SafeRunner.java:45)
	at org.eclipse.core.internal.events.BuildManager.basicBuild(BuildManager.java:247)
	at org.eclipse.core.internal.events.BuildManager.basicBuild(BuildManager.java:303)
	at org.eclipse.core.internal.events.BuildManager$1.run(BuildManager.java:392)
	at org.eclipse.core.runtime.SafeRunner.run(SafeRunner.java:45)
	at org.eclipse.core.internal.events.BuildManager.basicBuild(BuildManager.java:395)
	at org.eclipse.core.internal.events.BuildManager.basicBuildLoop(BuildManager.java:506)
	at org.eclipse.core.internal.events.BuildManager.basicBuildLoop(BuildManager.java:454)
	at org.eclipse.core.internal.events.BuildManager.build(BuildManager.java:536)
	at org.eclipse.core.internal.events.AutoBuildJob.doBuild(AutoBuildJob.java:161)
	at org.eclipse.core.internal.events.AutoBuildJob.run(AutoBuildJob.java:255)
	at org.eclipse.core.internal.jobs.Worker.run(Worker.java:63)
!SESSION 2023-01-16 16:17:40.236 -----------------------------------------------
eclipse.buildId=4.26.0.20221201-1200
java.version=19.0.1
java.vendor=Eclipse Adoptium
BootLoader constants: OS=win32, ARCH=x86_64, WS=win32, NL=pt_BR
Framework arguments:  -product org.eclipse.epp.package.jee.product
Command-line arguments:  -os win32 -ws win32 -arch x86_64 -product org.eclipse.epp.package.jee.product

!ENTRY ch.qos.logback.classic 1 0 2023-01-16 16:17:41.102
!MESSAGE Activated before the state location was initialized. Retry after the state location is initialized.

!ENTRY ch.qos.logback.classic 1 0 2023-01-16 16:17:43.399
!MESSAGE Logback config file: C:\Users\walke\One Drive Programação\OneDrive\Java\Workspace-CursoJavaCod3r\.metadata\.plugins\org.eclipse.m2e.logback\logback.2.1.0.20221015-0744.xml

!ENTRY org.eclipse.jface 2 0 2023-01-16 16:17:44.834
!MESSAGE Keybinding conflicts occurred.  They may interfere with normal accelerator operation.
!SUBENTRY 1 org.eclipse.jface 2 0 2023-01-16 16:17:44.834
!MESSAGE A conflict occurred for CTRL+SHIFT+T:
Binding(CTRL+SHIFT+T,
	ParameterizedCommand(Command(org.eclipse.jdt.ui.navigate.open.type,Open Type,
		Open a type in a Java editor,
		Category(org.eclipse.ui.category.navigate,Navigate,null,true),
		WorkbenchHandlerServiceHandler("org.eclipse.jdt.ui.navigate.open.type"),
		,,true),null),
	org.eclipse.ui.defaultAcceleratorConfiguration,
	org.eclipse.ui.contexts.window,,,system)
Binding(CTRL+SHIFT+T,
	ParameterizedCommand(Command(org.eclipse.lsp4e.symbolinworkspace,Go to Symbol in Workspace,
		,
		Category(org.eclipse.lsp4e.category,Language Servers,null,true),
		WorkbenchHandlerServiceHandler("org.eclipse.lsp4e.symbolinworkspace"),
		,,true),null),
	org.eclipse.ui.defaultAcceleratorConfiguration,
	org.eclipse.ui.contexts.window,,,system)
!SUBENTRY 1 org.eclipse.jface 2 0 2023-01-16 16:17:44.834
!MESSAGE A conflict occurred for ALT+SHIFT+R:
Binding(ALT+SHIFT+R,
	ParameterizedCommand(Command(org.eclipse.jdt.ui.edit.text.java.rename.element,Rename - Refactoring ,
		Rename the selected element,
		Category(org.eclipse.jdt.ui.category.refactoring,Refactor - Java,Java Refactoring Actions,true),
		WorkbenchHandlerServiceHandler("org.eclipse.jdt.ui.edit.text.java.rename.element"),
		,,true),null),
	org.eclipse.ui.defaultAcceleratorConfiguration,
	org.eclipse.ui.contexts.window,,,system)
Binding(ALT+SHIFT+R,
	ParameterizedCommand(Command(org.eclipse.ui.edit.rename,Rename,
		Rename the selected item,
		Category(org.eclipse.ui.category.file,File,null,true),
		WorkbenchHandlerServiceHandler("org.eclipse.ui.edit.rename"),
		,,true),null),
	org.eclipse.ui.defaultAcceleratorConfiguration,
	org.eclipse.ui.contexts.window,,,system)

!ENTRY org.eclipse.egit.ui 2 0 2023-01-16 16:17:48.279
!MESSAGE Warning: The environment variable HOME is not set. The following directory will be used to store the Git
user global configuration and to define the default location to store repositories: 'C:\Users\walke'. If this is
not correct please set the HOME environment variable and restart Eclipse. Otherwise Git for Windows and
EGit might behave differently since they see different configuration options.
This warning can be switched off on the Team > Git > Confirmations and Warnings preference page.

!ENTRY org.eclipse.core.resources 4 2 2023-01-16 16:18:03.554
!MESSAGE Problems occurred when invoking code from plug-in: "org.eclipse.core.resources".
!STACK 0
java.lang.ArrayIndexOutOfBoundsException: Index 0 out of bounds for length 0
	at org.eclipse.jdt.internal.compiler.lookup.ModuleBinding.getOrCreateDeclaredPackage(ModuleBinding.java:338)
	at org.eclipse.jdt.internal.compiler.lookup.BinaryModuleBinding$AutomaticModuleBinding.getDeclaredPackage(BinaryModuleBinding.java:66)
	at org.eclipse.jdt.internal.compiler.lookup.ModuleBinding.combineWithPackagesFromOtherRelevantModules(ModuleBinding.java:669)
	at org.eclipse.jdt.internal.compiler.lookup.LookupEnvironment.createPlainPackage(LookupEnvironment.java:1112)
	at org.eclipse.jdt.internal.compiler.lookup.CompilationUnitScope.buildTypeBindings(CompilationUnitScope.java:136)
	at org.eclipse.jdt.internal.compiler.lookup.LookupEnvironment.buildTypeBindings(LookupEnvironment.java:478)
	at org.eclipse.jdt.internal.compiler.Compiler.internalBeginToCompile(Compiler.java:856)
	at org.eclipse.jdt.internal.compiler.Compiler.beginToCompile(Compiler.java:394)
	at org.eclipse.jdt.internal.compiler.Compiler.compile(Compiler.java:444)
	at org.eclipse.jdt.internal.compiler.Compiler.compile(Compiler.java:426)
	at org.eclipse.jdt.internal.core.builder.AbstractImageBuilder.compile(AbstractImageBuilder.java:379)
	at org.eclipse.jdt.internal.core.builder.BatchImageBuilder.compile(BatchImageBuilder.java:214)
	at org.eclipse.jdt.internal.core.builder.AbstractImageBuilder.compile(AbstractImageBuilder.java:311)
	at org.eclipse.jdt.internal.core.builder.BatchImageBuilder.build(BatchImageBuilder.java:79)
	at org.eclipse.jdt.internal.core.builder.JavaBuilder.buildAll(JavaBuilder.java:273)
	at org.eclipse.jdt.internal.core.builder.JavaBuilder.build(JavaBuilder.java:193)
	at org.eclipse.core.internal.events.BuildManager$2.run(BuildManager.java:1020)
	at org.eclipse.core.runtime.SafeRunner.run(SafeRunner.java:45)
	at org.eclipse.core.internal.events.BuildManager.basicBuild(BuildManager.java:247)
	at org.eclipse.core.internal.events.BuildManager.basicBuild(BuildManager.java:303)
	at org.eclipse.core.internal.events.BuildManager$1.run(BuildManager.java:392)
	at org.eclipse.core.runtime.SafeRunner.run(SafeRunner.java:45)
	at org.eclipse.core.internal.events.BuildManager.basicBuild(BuildManager.java:395)
	at org.eclipse.core.internal.events.BuildManager.basicBuildLoop(BuildManager.java:506)
	at org.eclipse.core.internal.events.BuildManager.basicBuildLoop(BuildManager.java:454)
	at org.eclipse.core.internal.events.BuildManager.build(BuildManager.java:536)
	at org.eclipse.core.internal.events.AutoBuildJob.doBuild(AutoBuildJob.java:161)
	at org.eclipse.core.internal.events.AutoBuildJob.run(AutoBuildJob.java:255)
	at org.eclipse.core.internal.jobs.Worker.run(Worker.java:63)

!ENTRY org.eclipse.core.resources 4 75 2023-01-16 16:18:03.559
!MESSAGE Errors occurred during the build.
!SUBENTRY 1 org.eclipse.jdt.core 4 75 2023-01-16 16:18:03.559
!MESSAGE Errors running builder 'Java Builder' on project 'app-financeiro'.
!STACK 0
java.lang.ArrayIndexOutOfBoundsException: Index 0 out of bounds for length 0
	at org.eclipse.jdt.internal.compiler.lookup.ModuleBinding.getOrCreateDeclaredPackage(ModuleBinding.java:338)
	at org.eclipse.jdt.internal.compiler.lookup.BinaryModuleBinding$AutomaticModuleBinding.getDeclaredPackage(BinaryModuleBinding.java:66)
	at org.eclipse.jdt.internal.compiler.lookup.ModuleBinding.combineWithPackagesFromOtherRelevantModules(ModuleBinding.java:669)
	at org.eclipse.jdt.internal.compiler.lookup.LookupEnvironment.createPlainPackage(LookupEnvironment.java:1112)
	at org.eclipse.jdt.internal.compiler.lookup.CompilationUnitScope.buildTypeBindings(CompilationUnitScope.java:136)
	at org.eclipse.jdt.internal.compiler.lookup.LookupEnvironment.buildTypeBindings(LookupEnvironment.java:478)
	at org.eclipse.jdt.internal.compiler.Compiler.internalBeginToCompile(Compiler.java:856)
	at org.eclipse.jdt.internal.compiler.Compiler.beginToCompile(Compiler.java:394)
	at org.eclipse.jdt.internal.compiler.Compiler.compile(Compiler.java:444)
	at org.eclipse.jdt.internal.compiler.Compiler.compile(Compiler.java:426)
	at org.eclipse.jdt.internal.core.builder.AbstractImageBuilder.compile(AbstractImageBuilder.java:379)
	at org.eclipse.jdt.internal.core.builder.BatchImageBuilder.compile(BatchImageBuilder.java:214)
	at org.eclipse.jdt.internal.core.builder.AbstractImageBuilder.compile(AbstractImageBuilder.java:311)
	at org.eclipse.jdt.internal.core.builder.BatchImageBuilder.build(BatchImageBuilder.java:79)
	at org.eclipse.jdt.internal.core.builder.JavaBuilder.buildAll(JavaBuilder.java:273)
	at org.eclipse.jdt.internal.core.builder.JavaBuilder.build(JavaBuilder.java:193)
	at org.eclipse.core.internal.events.BuildManager$2.run(BuildManager.java:1020)
	at org.eclipse.core.runtime.SafeRunner.run(SafeRunner.java:45)
	at org.eclipse.core.internal.events.BuildManager.basicBuild(BuildManager.java:247)
	at org.eclipse.core.internal.events.BuildManager.basicBuild(BuildManager.java:303)
	at org.eclipse.core.internal.events.BuildManager$1.run(BuildManager.java:392)
	at org.eclipse.core.runtime.SafeRunner.run(SafeRunner.java:45)
	at org.eclipse.core.internal.events.BuildManager.basicBuild(BuildManager.java:395)
	at org.eclipse.core.internal.events.BuildManager.basicBuildLoop(BuildManager.java:506)
	at org.eclipse.core.internal.events.BuildManager.basicBuildLoop(BuildManager.java:454)
	at org.eclipse.core.internal.events.BuildManager.build(BuildManager.java:536)
	at org.eclipse.core.internal.events.AutoBuildJob.doBuild(AutoBuildJob.java:161)
	at org.eclipse.core.internal.events.AutoBuildJob.run(AutoBuildJob.java:255)
	at org.eclipse.core.internal.jobs.Worker.run(Worker.java:63)
!SESSION 2023-01-17 13:20:03.697 -----------------------------------------------
eclipse.buildId=4.26.0.20221201-1200
java.version=19.0.1
java.vendor=Eclipse Adoptium
BootLoader constants: OS=win32, ARCH=x86_64, WS=win32, NL=pt_BR
Framework arguments:  -product org.eclipse.epp.package.jee.product
Command-line arguments:  -os win32 -ws win32 -arch x86_64 -product org.eclipse.epp.package.jee.product

!ENTRY ch.qos.logback.classic 1 0 2023-01-17 13:20:05.771
!MESSAGE Activated before the state location was initialized. Retry after the state location is initialized.

!ENTRY ch.qos.logback.classic 1 0 2023-01-17 13:20:16.719
!MESSAGE Logback config file: C:\Users\walke\One Drive Programação\OneDrive\Java\Workspace-CursoJavaCod3r\.metadata\.plugins\org.eclipse.m2e.logback\logback.2.1.0.20221015-0744.xml

!ENTRY org.eclipse.jface 2 0 2023-01-17 13:20:23.986
!MESSAGE Keybinding conflicts occurred.  They may interfere with normal accelerator operation.
!SUBENTRY 1 org.eclipse.jface 2 0 2023-01-17 13:20:23.986
!MESSAGE A conflict occurred for CTRL+SHIFT+T:
Binding(CTRL+SHIFT+T,
	ParameterizedCommand(Command(org.eclipse.jdt.ui.navigate.open.type,Open Type,
		Open a type in a Java editor,
		Category(org.eclipse.ui.category.navigate,Navigate,null,true),
		WorkbenchHandlerServiceHandler("org.eclipse.jdt.ui.navigate.open.type"),
		,,true),null),
	org.eclipse.ui.defaultAcceleratorConfiguration,
	org.eclipse.ui.contexts.window,,,system)
Binding(CTRL+SHIFT+T,
	ParameterizedCommand(Command(org.eclipse.lsp4e.symbolinworkspace,Go to Symbol in Workspace,
		,
		Category(org.eclipse.lsp4e.category,Language Servers,null,true),
		WorkbenchHandlerServiceHandler("org.eclipse.lsp4e.symbolinworkspace"),
		,,true),null),
	org.eclipse.ui.defaultAcceleratorConfiguration,
	org.eclipse.ui.contexts.window,,,system)
!SUBENTRY 1 org.eclipse.jface 2 0 2023-01-17 13:20:23.986
!MESSAGE A conflict occurred for ALT+SHIFT+R:
Binding(ALT+SHIFT+R,
	ParameterizedCommand(Command(org.eclipse.jdt.ui.edit.text.java.rename.element,Rename - Refactoring ,
		Rename the selected element,
		Category(org.eclipse.jdt.ui.category.refactoring,Refactor - Java,Java Refactoring Actions,true),
		WorkbenchHandlerServiceHandler("org.eclipse.jdt.ui.edit.text.java.rename.element"),
		,,true),null),
	org.eclipse.ui.defaultAcceleratorConfiguration,
	org.eclipse.ui.contexts.window,,,system)
Binding(ALT+SHIFT+R,
	ParameterizedCommand(Command(org.eclipse.ui.edit.rename,Rename,
		Rename the selected item,
		Category(org.eclipse.ui.category.file,File,null,true),
		WorkbenchHandlerServiceHandler("org.eclipse.ui.edit.rename"),
		,,true),null),
	org.eclipse.ui.defaultAcceleratorConfiguration,
	org.eclipse.ui.contexts.window,,,system)

!ENTRY org.eclipse.egit.ui 2 0 2023-01-17 13:20:26.323
!MESSAGE Warning: The environment variable HOME is not set. The following directory will be used to store the Git
user global configuration and to define the default location to store repositories: 'C:\Users\walke'. If this is
not correct please set the HOME environment variable and restart Eclipse. Otherwise Git for Windows and
EGit might behave differently since they see different configuration options.
This warning can be switched off on the Team > Git > Confirmations and Warnings preference page.

!ENTRY org.eclipse.ui 2 2 2023-01-17 13:24:15.071
!MESSAGE Invalid preference category path: org.jboss.tools.common.model.ui.MainPreferencePage (bundle: org.jboss.tools.foundation.ui, page: org.jboss.tools.foundation.ui.internal.credentials.CredentialPreferencePage)

!ENTRY org.eclipse.ui 2 2 2023-01-17 13:24:15.071
!MESSAGE Invalid preference category path: org.jboss.tools.common.model.ui.MainPreferencePage (bundle: org.jboss.tools.usage, page: org.jboss.tools.usage.analytics.preferences.UsageAnalyticsPreferencePage)

!ENTRY org.eclipse.ui 2 2 2023-01-17 13:24:15.072
!MESSAGE Invalid preference category path: org.jboss.tools.common.model.ui.MainPreferencePage (bundle: org.jboss.tools.quarkus.lsp4e, page: org.jboss.tools.quarkus.lsp4e.preferences.qute.QutePropertyPage)
!SESSION 2023-01-17 13:30:21.842 -----------------------------------------------
eclipse.buildId=4.26.0.20221201-1200
java.version=19.0.1
java.vendor=Eclipse Adoptium
BootLoader constants: OS=win32, ARCH=x86_64, WS=win32, NL=pt_BR
Framework arguments:  -product org.eclipse.epp.package.jee.product
Command-line arguments:  -os win32 -ws win32 -arch x86_64 -product org.eclipse.epp.package.jee.product

!ENTRY ch.qos.logback.classic 1 0 2023-01-17 13:30:22.721
!MESSAGE Activated before the state location was initialized. Retry after the state location is initialized.

!ENTRY org.eclipse.core.resources 4 567 2023-01-17 13:30:35.694
!MESSAGE Workspace restored, but some problems occurred.
!SUBENTRY 1 org.eclipse.core.resources 4 567 2023-01-17 13:30:35.694
!MESSAGE Could not read metadata for '.org.eclipse.egit.core.cmp'.
!STACK 1
org.eclipse.core.internal.resources.ResourceException(/.org.eclipse.egit.core.cmp)[567]: java.lang.Exception: The project description file (.project) for '.org.eclipse.egit.core.cmp' is missing.  This file contains important information about the project.  The project will not function properly until this file is restored.
	at org.eclipse.core.internal.resources.ResourceException.provideStackTrace(ResourceException.java:42)
	at org.eclipse.core.internal.resources.ResourceException.<init>(ResourceException.java:38)
	at org.eclipse.core.internal.localstore.FileSystemResourceManager.read(FileSystemResourceManager.java:908)
	at org.eclipse.core.internal.resources.SaveManager.restoreMetaInfo(SaveManager.java:895)
	at org.eclipse.core.internal.resources.SaveManager.restoreMetaInfo(SaveManager.java:875)
	at org.eclipse.core.internal.resources.SaveManager.restore(SaveManager.java:731)
	at org.eclipse.core.internal.resources.SaveManager.startup(SaveManager.java:1585)
	at org.eclipse.core.internal.resources.Workspace.startup(Workspace.java:2547)
	at org.eclipse.core.internal.resources.Workspace.open(Workspace.java:2252)
	at org.eclipse.core.resources.ResourcesPlugin$WorkspaceInitCustomizer.addingService(ResourcesPlugin.java:571)
	at org.eclipse.core.resources.ResourcesPlugin$WorkspaceInitCustomizer.addingService(ResourcesPlugin.java:1)
	at org.osgi.util.tracker.ServiceTracker$Tracked.customizerAdding(ServiceTracker.java:943)
	at org.osgi.util.tracker.ServiceTracker$Tracked.customizerAdding(ServiceTracker.java:1)
	at org.osgi.util.tracker.AbstractTracked.trackAdding(AbstractTracked.java:256)
	at org.osgi.util.tracker.AbstractTracked.trackInitial(AbstractTracked.java:183)
	at org.osgi.util.tracker.ServiceTracker.open(ServiceTracker.java:321)
	at org.osgi.util.tracker.ServiceTracker.open(ServiceTracker.java:264)
	at org.eclipse.core.resources.ResourcesPlugin.start(ResourcesPlugin.java:545)
	at org.eclipse.osgi.internal.framework.BundleContextImpl$2.run(BundleContextImpl.java:818)
	at org.eclipse.osgi.internal.framework.BundleContextImpl$2.run(BundleContextImpl.java:1)
	at java.base/java.security.AccessController.doPrivileged(AccessController.java:569)
	at org.eclipse.osgi.internal.framework.BundleContextImpl.startActivator(BundleContextImpl.java:810)
	at org.eclipse.osgi.internal.framework.BundleContextImpl.start(BundleContextImpl.java:767)
	at org.eclipse.osgi.internal.framework.EquinoxBundle.startWorker0(EquinoxBundle.java:1032)
	at org.eclipse.osgi.internal.framework.EquinoxBundle$EquinoxModule.startWorker(EquinoxBundle.java:371)
	at org.eclipse.osgi.container.Module.doStart(Module.java:605)
	at org.eclipse.osgi.container.Module.start(Module.java:468)
	at org.eclipse.osgi.framework.util.SecureAction.start(SecureAction.java:513)
	at org.eclipse.osgi.internal.hooks.EclipseLazyStarter.postFindLocalClass(EclipseLazyStarter.java:117)
	at org.eclipse.osgi.internal.loader.classpath.ClasspathManager.findLocalClass(ClasspathManager.java:570)
	at org.eclipse.osgi.internal.loader.ModuleClassLoader.findLocalClass(ModuleClassLoader.java:335)
	at org.eclipse.osgi.internal.loader.BundleLoader.findLocalClass(BundleLoader.java:397)
	at org.eclipse.osgi.internal.loader.sources.SingleSourcePackage.loadClass(SingleSourcePackage.java:41)
	at org.eclipse.osgi.internal.loader.BundleLoader.findClass0(BundleLoader.java:496)
	at org.eclipse.osgi.internal.loader.BundleLoader.findClass(BundleLoader.java:416)
	at org.eclipse.osgi.internal.loader.ModuleClassLoader.loadClass(ModuleClassLoader.java:168)
	at java.base/java.lang.ClassLoader.loadClass(ClassLoader.java:521)
	at org.eclipse.ui.internal.ide.application.IDEApplication.start(IDEApplication.java:153)
	at org.eclipse.equinox.internal.app.EclipseAppHandle.run(EclipseAppHandle.java:203)
	at org.eclipse.core.runtime.internal.adaptor.EclipseAppLauncher.runApplication(EclipseAppLauncher.java:136)
	at org.eclipse.core.runtime.internal.adaptor.EclipseAppLauncher.start(EclipseAppLauncher.java:104)
	at org.eclipse.core.runtime.adaptor.EclipseStarter.run(EclipseStarter.java:402)
	at org.eclipse.core.runtime.adaptor.EclipseStarter.run(EclipseStarter.java:255)
	at java.base/jdk.internal.reflect.DirectMethodHandleAccessor.invoke(DirectMethodHandleAccessor.java:104)
	at java.base/java.lang.reflect.Method.invoke(Method.java:578)
	at org.eclipse.equinox.launcher.Main.invokeFramework(Main.java:659)
	at org.eclipse.equinox.launcher.Main.basicRun(Main.java:596)
	at org.eclipse.equinox.launcher.Main.run(Main.java:1467)
!SUBENTRY 2 org.eclipse.core.resources 4 567 2023-01-17 13:30:35.695
!MESSAGE The project description file (.project) for '.org.eclipse.egit.core.cmp' is missing.  This file contains important information about the project.  The project will not function properly until this file is restored.
!STACK 0
java.lang.Exception: The project description file (.project) for '.org.eclipse.egit.core.cmp' is missing.  This file contains important information about the project.  The project will not function properly until this file is restored.
	at org.eclipse.core.internal.resources.ResourceException.provideStackTrace(ResourceException.java:42)
	at org.eclipse.core.internal.resources.ResourceException.<init>(ResourceException.java:38)
	at org.eclipse.core.internal.localstore.FileSystemResourceManager.read(FileSystemResourceManager.java:908)
	at org.eclipse.core.internal.resources.SaveManager.restoreMetaInfo(SaveManager.java:895)
	at org.eclipse.core.internal.resources.SaveManager.restoreMetaInfo(SaveManager.java:875)
	at org.eclipse.core.internal.resources.SaveManager.restore(SaveManager.java:731)
	at org.eclipse.core.internal.resources.SaveManager.startup(SaveManager.java:1585)
	at org.eclipse.core.internal.resources.Workspace.startup(Workspace.java:2547)
	at org.eclipse.core.internal.resources.Workspace.open(Workspace.java:2252)
	at org.eclipse.core.resources.ResourcesPlugin$WorkspaceInitCustomizer.addingService(ResourcesPlugin.java:571)
	at org.eclipse.core.resources.ResourcesPlugin$WorkspaceInitCustomizer.addingService(ResourcesPlugin.java:1)
	at org.osgi.util.tracker.ServiceTracker$Tracked.customizerAdding(ServiceTracker.java:943)
	at org.osgi.util.tracker.ServiceTracker$Tracked.customizerAdding(ServiceTracker.java:1)
	at org.osgi.util.tracker.AbstractTracked.trackAdding(AbstractTracked.java:256)
	at org.osgi.util.tracker.AbstractTracked.trackInitial(AbstractTracked.java:183)
	at org.osgi.util.tracker.ServiceTracker.open(ServiceTracker.java:321)
	at org.osgi.util.tracker.ServiceTracker.open(ServiceTracker.java:264)
	at org.eclipse.core.resources.ResourcesPlugin.start(ResourcesPlugin.java:545)
	at org.eclipse.osgi.internal.framework.BundleContextImpl$2.run(BundleContextImpl.java:818)
	at org.eclipse.osgi.internal.framework.BundleContextImpl$2.run(BundleContextImpl.java:1)
	at java.base/java.security.AccessController.doPrivileged(AccessController.java:569)
	at org.eclipse.osgi.internal.framework.BundleContextImpl.startActivator(BundleContextImpl.java:810)
	at org.eclipse.osgi.internal.framework.BundleContextImpl.start(BundleContextImpl.java:767)
	at org.eclipse.osgi.internal.framework.EquinoxBundle.startWorker0(EquinoxBundle.java:1032)
	at org.eclipse.osgi.internal.framework.EquinoxBundle$EquinoxModule.startWorker(EquinoxBundle.java:371)
	at org.eclipse.osgi.container.Module.doStart(Module.java:605)
	at org.eclipse.osgi.container.Module.start(Module.java:468)
	at org.eclipse.osgi.framework.util.SecureAction.start(SecureAction.java:513)
	at org.eclipse.osgi.internal.hooks.EclipseLazyStarter.postFindLocalClass(EclipseLazyStarter.java:117)
	at org.eclipse.osgi.internal.loader.classpath.ClasspathManager.findLocalClass(ClasspathManager.java:570)
	at org.eclipse.osgi.internal.loader.ModuleClassLoader.findLocalClass(ModuleClassLoader.java:335)
	at org.eclipse.osgi.internal.loader.BundleLoader.findLocalClass(BundleLoader.java:397)
	at org.eclipse.osgi.internal.loader.sources.SingleSourcePackage.loadClass(SingleSourcePackage.java:41)
	at org.eclipse.osgi.internal.loader.BundleLoader.findClass0(BundleLoader.java:496)
	at org.eclipse.osgi.internal.loader.BundleLoader.findClass(BundleLoader.java:416)
	at org.eclipse.osgi.internal.loader.ModuleClassLoader.loadClass(ModuleClassLoader.java:168)
	at java.base/java.lang.ClassLoader.loadClass(ClassLoader.java:521)
	at org.eclipse.ui.internal.ide.application.IDEApplication.start(IDEApplication.java:153)
	at org.eclipse.equinox.internal.app.EclipseAppHandle.run(EclipseAppHandle.java:203)
	at org.eclipse.core.runtime.internal.adaptor.EclipseAppLauncher.runApplication(EclipseAppLauncher.java:136)
	at org.eclipse.core.runtime.internal.adaptor.EclipseAppLauncher.start(EclipseAppLauncher.java:104)
	at org.eclipse.core.runtime.adaptor.EclipseStarter.run(EclipseStarter.java:402)
	at org.eclipse.core.runtime.adaptor.EclipseStarter.run(EclipseStarter.java:255)
	at java.base/jdk.internal.reflect.DirectMethodHandleAccessor.invoke(DirectMethodHandleAccessor.java:104)
	at java.base/java.lang.reflect.Method.invoke(Method.java:578)
	at org.eclipse.equinox.launcher.Main.invokeFramework(Main.java:659)
	at org.eclipse.equinox.launcher.Main.basicRun(Main.java:596)
	at org.eclipse.equinox.launcher.Main.run(Main.java:1467)

!ENTRY ch.qos.logback.classic 1 0 2023-01-17 13:30:36.013
!MESSAGE Logback config file: C:\Users\walke\OneDriveProgramacao\OneDrive\Java\Workspace-CursoJavaCod3r\.metadata\.plugins\org.eclipse.m2e.logback\logback.2.1.0.20221015-0744.xml

!ENTRY org.eclipse.jface 2 0 2023-01-17 13:30:37.535
!MESSAGE Keybinding conflicts occurred.  They may interfere with normal accelerator operation.
!SUBENTRY 1 org.eclipse.jface 2 0 2023-01-17 13:30:37.535
!MESSAGE A conflict occurred for CTRL+SHIFT+T:
Binding(CTRL+SHIFT+T,
	ParameterizedCommand(Command(org.eclipse.jdt.ui.navigate.open.type,Open Type,
		Open a type in a Java editor,
		Category(org.eclipse.ui.category.navigate,Navigate,null,true),
		WorkbenchHandlerServiceHandler("org.eclipse.jdt.ui.navigate.open.type"),
		,,true),null),
	org.eclipse.ui.defaultAcceleratorConfiguration,
	org.eclipse.ui.contexts.window,,,system)
Binding(CTRL+SHIFT+T,
	ParameterizedCommand(Command(org.eclipse.lsp4e.symbolinworkspace,Go to Symbol in Workspace,
		,
		Category(org.eclipse.lsp4e.category,Language Servers,null,true),
		WorkbenchHandlerServiceHandler("org.eclipse.lsp4e.symbolinworkspace"),
		,,true),null),
	org.eclipse.ui.defaultAcceleratorConfiguration,
	org.eclipse.ui.contexts.window,,,system)
!SUBENTRY 1 org.eclipse.jface 2 0 2023-01-17 13:30:37.535
!MESSAGE A conflict occurred for ALT+SHIFT+R:
Binding(ALT+SHIFT+R,
	ParameterizedCommand(Command(org.eclipse.jdt.ui.edit.text.java.rename.element,Rename - Refactoring ,
		Rename the selected element,
		Category(org.eclipse.jdt.ui.category.refactoring,Refactor - Java,Java Refactoring Actions,true),
		WorkbenchHandlerServiceHandler("org.eclipse.jdt.ui.edit.text.java.rename.element"),
		,,true),null),
	org.eclipse.ui.defaultAcceleratorConfiguration,
	org.eclipse.ui.contexts.window,,,system)
Binding(ALT+SHIFT+R,
	ParameterizedCommand(Command(org.eclipse.ui.edit.rename,Rename,
		Rename the selected item,
		Category(org.eclipse.ui.category.file,File,null,true),
		WorkbenchHandlerServiceHandler("org.eclipse.ui.edit.rename"),
		,,true),null),
	org.eclipse.ui.defaultAcceleratorConfiguration,
	org.eclipse.ui.contexts.window,,,system)

!ENTRY org.eclipse.egit.ui 2 0 2023-01-17 13:30:39.325
!MESSAGE Warning: The environment variable HOME is not set. The following directory will be used to store the Git
user global configuration and to define the default location to store repositories: 'C:\Users\walke'. If this is
not correct please set the HOME environment variable and restart Eclipse. Otherwise Git for Windows and
EGit might behave differently since they see different configuration options.
This warning can be switched off on the Team > Git > Confirmations and Warnings preference page.

!ENTRY org.eclipse.ui 2 2 2023-01-17 13:33:12.913
!MESSAGE Invalid preference category path: org.jboss.tools.common.model.ui.MainPreferencePage (bundle: org.jboss.tools.foundation.ui, page: org.jboss.tools.foundation.ui.internal.credentials.CredentialPreferencePage)

!ENTRY org.eclipse.ui 2 2 2023-01-17 13:33:12.913
!MESSAGE Invalid preference category path: org.jboss.tools.common.model.ui.MainPreferencePage (bundle: org.jboss.tools.usage, page: org.jboss.tools.usage.analytics.preferences.UsageAnalyticsPreferencePage)

!ENTRY org.eclipse.ui 2 2 2023-01-17 13:33:12.914
!MESSAGE Invalid preference category path: org.jboss.tools.common.model.ui.MainPreferencePage (bundle: org.jboss.tools.quarkus.lsp4e, page: org.jboss.tools.quarkus.lsp4e.preferences.qute.QutePropertyPage)

!ENTRY org.eclipse.core.expressions 4 201 2023-01-17 13:34:59.980
!MESSAGE No property tester contributes a property org.eclipse.core.resources.projectNature to type class org.eclipse.jdt.internal.core.PackageFragmentRoot
!STACK 1
org.eclipse.core.runtime.CoreException: No property tester contributes a property org.eclipse.core.resources.projectNature to type class org.eclipse.jdt.internal.core.PackageFragmentRoot
	at org.eclipse.core.internal.expressions.TypeExtensionManager.getProperty(TypeExtensionManager.java:131)
	at org.eclipse.core.expressions.TestExpression.evaluate(TestExpression.java:104)
	at org.eclipse.core.expressions.CompositeExpression.evaluateAnd(CompositeExpression.java:54)
	at org.eclipse.core.expressions.AndExpression.evaluate(AndExpression.java:36)
	at org.eclipse.ui.internal.dialogs.RegistryPageContributor.failsEnablement(RegistryPageContributor.java:284)
	at org.eclipse.ui.internal.dialogs.RegistryPageContributor.isApplicableTo(RegistryPageContributor.java:227)
	at org.eclipse.ui.internal.dialogs.PropertyPageContributorManager.getApplicableContributors(PropertyPageContributorManager.java:228)
	at org.eclipse.ui.internal.dialogs.PropertyPageContributorManager.getApplicableContributors(PropertyPageContributorManager.java:246)
	at org.eclipse.ui.dialogs.PropertyDialogAction.hasPropertyPagesFor(PropertyDialogAction.java:106)
	at org.eclipse.ui.dialogs.PropertyDialogAction.isApplicableForSelection(PropertyDialogAction.java:147)
	at org.eclipse.ui.dialogs.PropertyDialogAction.isApplicableForSelection(PropertyDialogAction.java:128)
	at org.eclipse.ui.internal.navigator.resources.actions.PropertiesActionProvider.fillContextMenu(PropertiesActionProvider.java:56)
	at org.eclipse.ui.navigator.NavigatorActionService$2.run(NavigatorActionService.java:228)
	at org.eclipse.core.runtime.SafeRunner.run(SafeRunner.java:45)
	at org.eclipse.ui.navigator.NavigatorActionService.addCommonActionProviderMenu(NavigatorActionService.java:222)
	at org.eclipse.ui.navigator.NavigatorActionService.fillContextMenu(NavigatorActionService.java:177)
	at org.eclipse.ui.navigator.CommonNavigatorManager.fillContextMenu(CommonNavigatorManager.java:258)
	at org.eclipse.jface.action.MenuManager.fireAboutToShow(MenuManager.java:338)
	at org.eclipse.jface.action.MenuManager.handleAboutToShow(MenuManager.java:468)
	at org.eclipse.jface.action.MenuManager$2.menuShown(MenuManager.java:495)
	at org.eclipse.swt.widgets.TypedListener.handleEvent(TypedListener.java:259)
	at org.eclipse.swt.widgets.EventTable.sendEvent(EventTable.java:89)
	at org.eclipse.swt.widgets.Display.sendEvent(Display.java:4256)
	at org.eclipse.swt.widgets.Widget.sendEvent(Widget.java:1066)
	at org.eclipse.swt.widgets.Widget.sendEvent(Widget.java:1090)
	at org.eclipse.swt.widgets.Widget.sendEvent(Widget.java:1071)
	at org.eclipse.swt.widgets.Control.WM_INITMENUPOPUP(Control.java:5140)
	at org.eclipse.swt.widgets.Control.windowProc(Control.java:4772)
	at org.eclipse.swt.widgets.Canvas.windowProc(Canvas.java:340)
	at org.eclipse.swt.widgets.Decorations.windowProc(Decorations.java:1478)
	at org.eclipse.swt.widgets.Shell.windowProc(Shell.java:2284)
	at org.eclipse.swt.widgets.Display.windowProc(Display.java:5022)
	at org.eclipse.swt.internal.win32.OS.TrackPopupMenu(Native Method)
	at org.eclipse.swt.widgets.Menu._setVisible(Menu.java:237)
	at org.eclipse.swt.widgets.Display.runPopups(Display.java:4095)
	at org.eclipse.swt.widgets.Display.readAndDispatch(Display.java:3636)
	at org.eclipse.e4.ui.internal.workbench.swt.PartRenderingEngine$5.run(PartRenderingEngine.java:1155)
	at org.eclipse.core.databinding.observable.Realm.runWithDefault(Realm.java:338)
	at org.eclipse.e4.ui.internal.workbench.swt.PartRenderingEngine.run(PartRenderingEngine.java:1046)
	at org.eclipse.e4.ui.internal.workbench.E4Workbench.createAndRunUI(E4Workbench.java:155)
	at org.eclipse.ui.internal.Workbench.lambda$3(Workbench.java:643)
	at org.eclipse.core.databinding.observable.Realm.runWithDefault(Realm.java:338)
	at org.eclipse.ui.internal.Workbench.createAndRunWorkbench(Workbench.java:550)
	at org.eclipse.ui.PlatformUI.createAndRunWorkbench(PlatformUI.java:171)
	at org.eclipse.ui.internal.ide.application.IDEApplication.start(IDEApplication.java:152)
	at org.eclipse.equinox.internal.app.EclipseAppHandle.run(EclipseAppHandle.java:203)
	at org.eclipse.core.runtime.internal.adaptor.EclipseAppLauncher.runApplication(EclipseAppLauncher.java:136)
	at org.eclipse.core.runtime.internal.adaptor.EclipseAppLauncher.start(EclipseAppLauncher.java:104)
	at org.eclipse.core.runtime.adaptor.EclipseStarter.run(EclipseStarter.java:402)
	at org.eclipse.core.runtime.adaptor.EclipseStarter.run(EclipseStarter.java:255)
	at java.base/jdk.internal.reflect.DirectMethodHandleAccessor.invoke(DirectMethodHandleAccessor.java:104)
	at java.base/java.lang.reflect.Method.invoke(Method.java:578)
	at org.eclipse.equinox.launcher.Main.invokeFramework(Main.java:659)
	at org.eclipse.equinox.launcher.Main.basicRun(Main.java:596)
	at org.eclipse.equinox.launcher.Main.run(Main.java:1467)
!SUBENTRY 1 org.eclipse.core.expressions 4 201 2023-01-17 13:34:59.981
!MESSAGE No property tester contributes a property org.eclipse.core.resources.projectNature to type class org.eclipse.jdt.internal.core.PackageFragmentRoot

!ENTRY org.eclipse.core.expressions 4 201 2023-01-17 13:35:07.622
!MESSAGE No property tester contributes a property org.eclipse.core.resources.projectNature to type class org.eclipse.jdt.internal.core.PackageFragmentRoot
!STACK 1
org.eclipse.core.runtime.CoreException: No property tester contributes a property org.eclipse.core.resources.projectNature to type class org.eclipse.jdt.internal.core.PackageFragmentRoot
	at org.eclipse.core.internal.expressions.TypeExtensionManager.getProperty(TypeExtensionManager.java:131)
	at org.eclipse.core.expressions.TestExpression.evaluate(TestExpression.java:104)
	at org.eclipse.core.expressions.CompositeExpression.evaluateAnd(CompositeExpression.java:54)
	at org.eclipse.core.expressions.AndExpression.evaluate(AndExpression.java:36)
	at org.eclipse.ui.internal.dialogs.RegistryPageContributor.failsEnablement(RegistryPageContributor.java:284)
	at org.eclipse.ui.internal.dialogs.RegistryPageContributor.isApplicableTo(RegistryPageContributor.java:227)
	at org.eclipse.ui.internal.dialogs.PropertyPageContributorManager.getApplicableContributors(PropertyPageContributorManager.java:228)
	at org.eclipse.ui.internal.dialogs.PropertyPageContributorManager.getApplicableContributors(PropertyPageContributorManager.java:246)
	at org.eclipse.ui.dialogs.PropertyDialogAction.hasPropertyPagesFor(PropertyDialogAction.java:106)
	at org.eclipse.ui.dialogs.PropertyDialogAction.isApplicableForSelection(PropertyDialogAction.java:147)
	at org.eclipse.ui.dialogs.PropertyDialogAction.isApplicableForSelection(PropertyDialogAction.java:128)
	at org.eclipse.ui.internal.navigator.resources.actions.PropertiesActionProvider.fillContextMenu(PropertiesActionProvider.java:56)
	at org.eclipse.ui.navigator.NavigatorActionService$2.run(NavigatorActionService.java:228)
	at org.eclipse.core.runtime.SafeRunner.run(SafeRunner.java:45)
	at org.eclipse.ui.navigator.NavigatorActionService.addCommonActionProviderMenu(NavigatorActionService.java:222)
	at org.eclipse.ui.navigator.NavigatorActionService.fillContextMenu(NavigatorActionService.java:177)
	at org.eclipse.ui.navigator.CommonNavigatorManager.fillContextMenu(CommonNavigatorManager.java:258)
	at org.eclipse.jface.action.MenuManager.fireAboutToShow(MenuManager.java:338)
	at org.eclipse.jface.action.MenuManager.handleAboutToShow(MenuManager.java:468)
	at org.eclipse.jface.action.MenuManager$2.menuShown(MenuManager.java:495)
	at org.eclipse.swt.widgets.TypedListener.handleEvent(TypedListener.java:259)
	at org.eclipse.swt.widgets.EventTable.sendEvent(EventTable.java:89)
	at org.eclipse.swt.widgets.Display.sendEvent(Display.java:4256)
	at org.eclipse.swt.widgets.Widget.sendEvent(Widget.java:1066)
	at org.eclipse.swt.widgets.Widget.sendEvent(Widget.java:1090)
	at org.eclipse.swt.widgets.Widget.sendEvent(Widget.java:1071)
	at org.eclipse.swt.widgets.Control.WM_INITMENUPOPUP(Control.java:5140)
	at org.eclipse.swt.widgets.Control.windowProc(Control.java:4772)
	at org.eclipse.swt.widgets.Canvas.windowProc(Canvas.java:340)
	at org.eclipse.swt.widgets.Decorations.windowProc(Decorations.java:1478)
	at org.eclipse.swt.widgets.Shell.windowProc(Shell.java:2284)
	at org.eclipse.swt.widgets.Display.windowProc(Display.java:5022)
	at org.eclipse.swt.internal.win32.OS.TrackPopupMenu(Native Method)
	at org.eclipse.swt.widgets.Menu._setVisible(Menu.java:237)
	at org.eclipse.swt.widgets.Display.runPopups(Display.java:4095)
	at org.eclipse.swt.widgets.Display.readAndDispatch(Display.java:3636)
	at org.eclipse.e4.ui.internal.workbench.swt.PartRenderingEngine$5.run(PartRenderingEngine.java:1155)
	at org.eclipse.core.databinding.observable.Realm.runWithDefault(Realm.java:338)
	at org.eclipse.e4.ui.internal.workbench.swt.PartRenderingEngine.run(PartRenderingEngine.java:1046)
	at org.eclipse.e4.ui.internal.workbench.E4Workbench.createAndRunUI(E4Workbench.java:155)
	at org.eclipse.ui.internal.Workbench.lambda$3(Workbench.java:643)
	at org.eclipse.core.databinding.observable.Realm.runWithDefault(Realm.java:338)
	at org.eclipse.ui.internal.Workbench.createAndRunWorkbench(Workbench.java:550)
	at org.eclipse.ui.PlatformUI.createAndRunWorkbench(PlatformUI.java:171)
	at org.eclipse.ui.internal.ide.application.IDEApplication.start(IDEApplication.java:152)
	at org.eclipse.equinox.internal.app.EclipseAppHandle.run(EclipseAppHandle.java:203)
	at org.eclipse.core.runtime.internal.adaptor.EclipseAppLauncher.runApplication(EclipseAppLauncher.java:136)
	at org.eclipse.core.runtime.internal.adaptor.EclipseAppLauncher.start(EclipseAppLauncher.java:104)
	at org.eclipse.core.runtime.adaptor.EclipseStarter.run(EclipseStarter.java:402)
	at org.eclipse.core.runtime.adaptor.EclipseStarter.run(EclipseStarter.java:255)
	at java.base/jdk.internal.reflect.DirectMethodHandleAccessor.invoke(DirectMethodHandleAccessor.java:104)
	at java.base/java.lang.reflect.Method.invoke(Method.java:578)
	at org.eclipse.equinox.launcher.Main.invokeFramework(Main.java:659)
	at org.eclipse.equinox.launcher.Main.basicRun(Main.java:596)
	at org.eclipse.equinox.launcher.Main.run(Main.java:1467)
!SUBENTRY 1 org.eclipse.core.expressions 4 201 2023-01-17 13:35:07.622
!MESSAGE No property tester contributes a property org.eclipse.core.resources.projectNature to type class org.eclipse.jdt.internal.core.PackageFragmentRoot

!ENTRY org.eclipse.lsp4e 4 0 2023-01-17 17:03:16.797
!MESSAGE org.eclipse.lsp4j.jsonrpc.JsonRpcException: java.io.IOException: O pipe está sendo fechado
!STACK 0
java.util.concurrent.ExecutionException: org.eclipse.lsp4j.jsonrpc.JsonRpcException: java.io.IOException: O pipe está sendo fechado
	at java.base/java.util.concurrent.CompletableFuture.reportGet(CompletableFuture.java:396)
	at java.base/java.util.concurrent.CompletableFuture.get(CompletableFuture.java:2096)
	at org.eclipse.lsp4e.LanguageServerWrapper.lambda$10(LanguageServerWrapper.java:519)
	at java.base/java.util.concurrent.CompletableFuture$AsyncRun.run(CompletableFuture.java:1804)
	at java.base/java.util.concurrent.CompletableFuture$AsyncRun.exec(CompletableFuture.java:1796)
	at java.base/java.util.concurrent.ForkJoinTask.doExec(ForkJoinTask.java:387)
	at java.base/java.util.concurrent.ForkJoinPool$WorkQueue.topLevelExec(ForkJoinPool.java:1311)
	at java.base/java.util.concurrent.ForkJoinPool.scan(ForkJoinPool.java:1840)
	at java.base/java.util.concurrent.ForkJoinPool.runWorker(ForkJoinPool.java:1806)
	at java.base/java.util.concurrent.ForkJoinWorkerThread.run(ForkJoinWorkerThread.java:177)
Caused by: org.eclipse.lsp4j.jsonrpc.JsonRpcException: java.io.IOException: O pipe está sendo fechado
	at org.eclipse.lsp4j.jsonrpc.json.StreamMessageConsumer.consume(StreamMessageConsumer.java:72)
	at org.eclipse.lsp4e.LanguageServerWrapper.lambda$3(LanguageServerWrapper.java:287)
	at org.eclipse.lsp4j.jsonrpc.RemoteEndpoint.request(RemoteEndpoint.java:161)
	at org.eclipse.lsp4j.jsonrpc.services.EndpointProxy.invoke(EndpointProxy.java:91)
	at jdk.proxy14/jdk.proxy14.$Proxy53.shutdown(Unknown Source)
	at org.eclipse.lsp4e.LanguageServerWrapper.lambda$10(LanguageServerWrapper.java:517)
	... 7 more
Caused by: java.io.IOException: O pipe está sendo fechado
	at java.base/java.io.FileOutputStream.writeBytes(Native Method)
	at java.base/java.io.FileOutputStream.write(FileOutputStream.java:372)
	at java.base/java.io.BufferedOutputStream.flushBuffer(BufferedOutputStream.java:125)
	at java.base/java.io.BufferedOutputStream.implFlush(BufferedOutputStream.java:251)
	at java.base/java.io.BufferedOutputStream.flush(BufferedOutputStream.java:239)
	at org.eclipse.lsp4j.jsonrpc.json.StreamMessageConsumer.consume(StreamMessageConsumer.java:69)
	... 12 more

!ENTRY org.eclipse.lsp4e 4 0 2023-01-17 17:03:16.799
!MESSAGE org.eclipse.lsp4j.jsonrpc.JsonRpcException: java.io.IOException: O pipe está sendo fechado
!STACK 0
java.util.concurrent.ExecutionException: org.eclipse.lsp4j.jsonrpc.JsonRpcException: java.io.IOException: O pipe está sendo fechado
	at java.base/java.util.concurrent.CompletableFuture.reportGet(CompletableFuture.java:396)
	at java.base/java.util.concurrent.CompletableFuture.get(CompletableFuture.java:2096)
	at org.eclipse.lsp4e.LanguageServerWrapper.lambda$10(LanguageServerWrapper.java:519)
	at java.base/java.util.concurrent.CompletableFuture$AsyncRun.run(CompletableFuture.java:1804)
	at java.base/java.util.concurrent.CompletableFuture$AsyncRun.exec(CompletableFuture.java:1796)
	at java.base/java.util.concurrent.ForkJoinTask.doExec(ForkJoinTask.java:387)
	at java.base/java.util.concurrent.ForkJoinPool$WorkQueue.topLevelExec(ForkJoinPool.java:1311)
	at java.base/java.util.concurrent.ForkJoinPool.scan(ForkJoinPool.java:1840)
	at java.base/java.util.concurrent.ForkJoinPool.runWorker(ForkJoinPool.java:1806)
	at java.base/java.util.concurrent.ForkJoinWorkerThread.run(ForkJoinWorkerThread.java:177)
Caused by: org.eclipse.lsp4j.jsonrpc.JsonRpcException: java.io.IOException: O pipe está sendo fechado
	at org.eclipse.lsp4j.jsonrpc.json.StreamMessageConsumer.consume(StreamMessageConsumer.java:72)
	at org.eclipse.lsp4e.LanguageServerWrapper.lambda$3(LanguageServerWrapper.java:287)
	at org.eclipse.lsp4j.jsonrpc.RemoteEndpoint.request(RemoteEndpoint.java:161)
	at org.eclipse.lsp4j.jsonrpc.services.EndpointProxy.invoke(EndpointProxy.java:91)
	at jdk.proxy14/jdk.proxy14.$Proxy54.shutdown(Unknown Source)
	at org.eclipse.lsp4e.LanguageServerWrapper.lambda$10(LanguageServerWrapper.java:517)
	... 7 more
Caused by: java.io.IOException: O pipe está sendo fechado
	at java.base/java.io.FileOutputStream.writeBytes(Native Method)
	at java.base/java.io.FileOutputStream.write(FileOutputStream.java:372)
	at java.base/java.io.BufferedOutputStream.flushBuffer(BufferedOutputStream.java:125)
	at java.base/java.io.BufferedOutputStream.implFlush(BufferedOutputStream.java:251)
	at java.base/java.io.BufferedOutputStream.flush(BufferedOutputStream.java:239)
	at org.eclipse.lsp4j.jsonrpc.json.StreamMessageConsumer.consume(StreamMessageConsumer.java:69)
	... 12 more
!SESSION 2023-01-17 17:41:07.972 -----------------------------------------------
eclipse.buildId=4.26.0.20221201-1200
java.version=19.0.1
java.vendor=Eclipse Adoptium
BootLoader constants: OS=win32, ARCH=x86_64, WS=win32, NL=pt_BR
Framework arguments:  -product org.eclipse.epp.package.jee.product
Command-line arguments:  -os win32 -ws win32 -arch x86_64 -product org.eclipse.epp.package.jee.product

!ENTRY ch.qos.logback.classic 1 0 2023-01-17 17:41:09.046
!MESSAGE Activated before the state location was initialized. Retry after the state location is initialized.

!ENTRY org.eclipse.core.resources 2 10035 2023-01-17 17:41:33.059
!MESSAGE The workspace exited with unsaved changes in the previous session; refreshing workspace to recover changes.

!ENTRY ch.qos.logback.classic 1 0 2023-01-17 17:41:33.563
!MESSAGE Logback config file: C:\Users\walke\OneDriveProgramacao\OneDrive\Java\Workspace-CursoJavaCod3r\.metadata\.plugins\org.eclipse.m2e.logback\logback.2.1.0.20221015-0744.xml

!ENTRY org.eclipse.jface 2 0 2023-01-17 17:41:36.142
!MESSAGE Keybinding conflicts occurred.  They may interfere with normal accelerator operation.
!SUBENTRY 1 org.eclipse.jface 2 0 2023-01-17 17:41:36.142
!MESSAGE A conflict occurred for CTRL+SHIFT+T:
Binding(CTRL+SHIFT+T,
	ParameterizedCommand(Command(org.eclipse.jdt.ui.navigate.open.type,Open Type,
		Open a type in a Java editor,
		Category(org.eclipse.ui.category.navigate,Navigate,null,true),
		WorkbenchHandlerServiceHandler("org.eclipse.jdt.ui.navigate.open.type"),
		,,true),null),
	org.eclipse.ui.defaultAcceleratorConfiguration,
	org.eclipse.ui.contexts.window,,,system)
Binding(CTRL+SHIFT+T,
	ParameterizedCommand(Command(org.eclipse.lsp4e.symbolinworkspace,Go to Symbol in Workspace,
		,
		Category(org.eclipse.lsp4e.category,Language Servers,null,true),
		WorkbenchHandlerServiceHandler("org.eclipse.lsp4e.symbolinworkspace"),
		,,true),null),
	org.eclipse.ui.defaultAcceleratorConfiguration,
	org.eclipse.ui.contexts.window,,,system)
!SUBENTRY 1 org.eclipse.jface 2 0 2023-01-17 17:41:36.142
!MESSAGE A conflict occurred for ALT+SHIFT+R:
Binding(ALT+SHIFT+R,
	ParameterizedCommand(Command(org.eclipse.jdt.ui.edit.text.java.rename.element,Rename - Refactoring ,
		Rename the selected element,
		Category(org.eclipse.jdt.ui.category.refactoring,Refactor - Java,Java Refactoring Actions,true),
		WorkbenchHandlerServiceHandler("org.eclipse.jdt.ui.edit.text.java.rename.element"),
		,,true),null),
	org.eclipse.ui.defaultAcceleratorConfiguration,
	org.eclipse.ui.contexts.window,,,system)
Binding(ALT+SHIFT+R,
	ParameterizedCommand(Command(org.eclipse.ui.edit.rename,Rename,
		Rename the selected item,
		Category(org.eclipse.ui.category.file,File,null,true),
		WorkbenchHandlerServiceHandler("org.eclipse.ui.edit.rename"),
		,,true),null),
	org.eclipse.ui.defaultAcceleratorConfiguration,
	org.eclipse.ui.contexts.window,,,system)

!ENTRY org.eclipse.egit.ui 2 0 2023-01-17 17:41:39.821
!MESSAGE Warning: The environment variable HOME is not set. The following directory will be used to store the Git
user global configuration and to define the default location to store repositories: 'C:\Users\walke'. If this is
not correct please set the HOME environment variable and restart Eclipse. Otherwise Git for Windows and
EGit might behave differently since they see different configuration options.
This warning can be switched off on the Team > Git > Confirmations and Warnings preference page.

!ENTRY org.eclipse.core.expressions 4 201 2023-01-17 17:49:28.366
!MESSAGE No property tester contributes a property org.eclipse.core.resources.projectNature to type class org.eclipse.jdt.internal.core.PackageFragment
!STACK 1
org.eclipse.core.runtime.CoreException: No property tester contributes a property org.eclipse.core.resources.projectNature to type class org.eclipse.jdt.internal.core.PackageFragment
	at org.eclipse.core.internal.expressions.TypeExtensionManager.getProperty(TypeExtensionManager.java:131)
	at org.eclipse.core.expressions.TestExpression.evaluate(TestExpression.java:104)
	at org.eclipse.core.expressions.CompositeExpression.evaluateAnd(CompositeExpression.java:54)
	at org.eclipse.core.expressions.AndExpression.evaluate(AndExpression.java:36)
	at org.eclipse.ui.internal.dialogs.RegistryPageContributor.failsEnablement(RegistryPageContributor.java:284)
	at org.eclipse.ui.internal.dialogs.RegistryPageContributor.isApplicableTo(RegistryPageContributor.java:227)
	at org.eclipse.ui.internal.dialogs.PropertyPageContributorManager.getApplicableContributors(PropertyPageContributorManager.java:228)
	at org.eclipse.ui.internal.dialogs.PropertyPageContributorManager.getApplicableContributors(PropertyPageContributorManager.java:246)
	at org.eclipse.ui.dialogs.PropertyDialogAction.hasPropertyPagesFor(PropertyDialogAction.java:106)
	at org.eclipse.ui.dialogs.PropertyDialogAction.isApplicableForSelection(PropertyDialogAction.java:147)
	at org.eclipse.ui.dialogs.PropertyDialogAction.isApplicableForSelection(PropertyDialogAction.java:128)
	at org.eclipse.ui.internal.navigator.resources.actions.PropertiesActionProvider.fillContextMenu(PropertiesActionProvider.java:56)
	at org.eclipse.ui.navigator.NavigatorActionService$2.run(NavigatorActionService.java:228)
	at org.eclipse.core.runtime.SafeRunner.run(SafeRunner.java:45)
	at org.eclipse.ui.navigator.NavigatorActionService.addCommonActionProviderMenu(NavigatorActionService.java:222)
	at org.eclipse.ui.navigator.NavigatorActionService.fillContextMenu(NavigatorActionService.java:177)
	at org.eclipse.ui.navigator.CommonNavigatorManager.fillContextMenu(CommonNavigatorManager.java:258)
	at org.eclipse.jface.action.MenuManager.fireAboutToShow(MenuManager.java:338)
	at org.eclipse.jface.action.MenuManager.handleAboutToShow(MenuManager.java:468)
	at org.eclipse.jface.action.MenuManager$2.menuShown(MenuManager.java:495)
	at org.eclipse.swt.widgets.TypedListener.handleEvent(TypedListener.java:259)
	at org.eclipse.swt.widgets.EventTable.sendEvent(EventTable.java:89)
	at org.eclipse.swt.widgets.Display.sendEvent(Display.java:4256)
	at org.eclipse.swt.widgets.Widget.sendEvent(Widget.java:1066)
	at org.eclipse.swt.widgets.Widget.sendEvent(Widget.java:1090)
	at org.eclipse.swt.widgets.Widget.sendEvent(Widget.java:1071)
	at org.eclipse.swt.widgets.Control.WM_INITMENUPOPUP(Control.java:5140)
	at org.eclipse.swt.widgets.Control.windowProc(Control.java:4772)
	at org.eclipse.swt.widgets.Canvas.windowProc(Canvas.java:340)
	at org.eclipse.swt.widgets.Decorations.windowProc(Decorations.java:1478)
	at org.eclipse.swt.widgets.Shell.windowProc(Shell.java:2284)
	at org.eclipse.swt.widgets.Display.windowProc(Display.java:5022)
	at org.eclipse.swt.internal.win32.OS.TrackPopupMenu(Native Method)
	at org.eclipse.swt.widgets.Menu._setVisible(Menu.java:237)
	at org.eclipse.swt.widgets.Display.runPopups(Display.java:4095)
	at org.eclipse.swt.widgets.Display.readAndDispatch(Display.java:3636)
	at org.eclipse.e4.ui.internal.workbench.swt.PartRenderingEngine$5.run(PartRenderingEngine.java:1155)
	at org.eclipse.core.databinding.observable.Realm.runWithDefault(Realm.java:338)
	at org.eclipse.e4.ui.internal.workbench.swt.PartRenderingEngine.run(PartRenderingEngine.java:1046)
	at org.eclipse.e4.ui.internal.workbench.E4Workbench.createAndRunUI(E4Workbench.java:155)
	at org.eclipse.ui.internal.Workbench.lambda$3(Workbench.java:643)
	at org.eclipse.core.databinding.observable.Realm.runWithDefault(Realm.java:338)
	at org.eclipse.ui.internal.Workbench.createAndRunWorkbench(Workbench.java:550)
	at org.eclipse.ui.PlatformUI.createAndRunWorkbench(PlatformUI.java:171)
	at org.eclipse.ui.internal.ide.application.IDEApplication.start(IDEApplication.java:152)
	at org.eclipse.equinox.internal.app.EclipseAppHandle.run(EclipseAppHandle.java:203)
	at org.eclipse.core.runtime.internal.adaptor.EclipseAppLauncher.runApplication(EclipseAppLauncher.java:136)
	at org.eclipse.core.runtime.internal.adaptor.EclipseAppLauncher.start(EclipseAppLauncher.java:104)
	at org.eclipse.core.runtime.adaptor.EclipseStarter.run(EclipseStarter.java:402)
	at org.eclipse.core.runtime.adaptor.EclipseStarter.run(EclipseStarter.java:255)
	at java.base/jdk.internal.reflect.DirectMethodHandleAccessor.invoke(DirectMethodHandleAccessor.java:104)
	at java.base/java.lang.reflect.Method.invoke(Method.java:578)
	at org.eclipse.equinox.launcher.Main.invokeFramework(Main.java:659)
	at org.eclipse.equinox.launcher.Main.basicRun(Main.java:596)
	at org.eclipse.equinox.launcher.Main.run(Main.java:1467)
!SUBENTRY 1 org.eclipse.core.expressions 4 201 2023-01-17 17:49:28.367
!MESSAGE No property tester contributes a property org.eclipse.core.resources.projectNature to type class org.eclipse.jdt.internal.core.PackageFragment

!ENTRY org.eclipse.core.expressions 4 201 2023-01-17 18:03:41.215
!MESSAGE No property tester contributes a property org.eclipse.core.resources.projectNature to type class org.eclipse.jdt.internal.core.PackageFragment
!STACK 1
org.eclipse.core.runtime.CoreException: No property tester contributes a property org.eclipse.core.resources.projectNature to type class org.eclipse.jdt.internal.core.PackageFragment
	at org.eclipse.core.internal.expressions.TypeExtensionManager.getProperty(TypeExtensionManager.java:131)
	at org.eclipse.core.expressions.TestExpression.evaluate(TestExpression.java:104)
	at org.eclipse.core.expressions.CompositeExpression.evaluateAnd(CompositeExpression.java:54)
	at org.eclipse.core.expressions.AndExpression.evaluate(AndExpression.java:36)
	at org.eclipse.ui.internal.dialogs.RegistryPageContributor.failsEnablement(RegistryPageContributor.java:284)
	at org.eclipse.ui.internal.dialogs.RegistryPageContributor.isApplicableTo(RegistryPageContributor.java:227)
	at org.eclipse.ui.internal.dialogs.PropertyPageContributorManager.getApplicableContributors(PropertyPageContributorManager.java:228)
	at org.eclipse.ui.internal.dialogs.PropertyPageContributorManager.getApplicableContributors(PropertyPageContributorManager.java:246)
	at org.eclipse.ui.dialogs.PropertyDialogAction.hasPropertyPagesFor(PropertyDialogAction.java:106)
	at org.eclipse.ui.dialogs.PropertyDialogAction.isApplicableForSelection(PropertyDialogAction.java:147)
	at org.eclipse.ui.dialogs.PropertyDialogAction.isApplicableForSelection(PropertyDialogAction.java:128)
	at org.eclipse.ui.internal.navigator.resources.actions.PropertiesActionProvider.fillContextMenu(PropertiesActionProvider.java:56)
	at org.eclipse.ui.navigator.NavigatorActionService$2.run(NavigatorActionService.java:228)
	at org.eclipse.core.runtime.SafeRunner.run(SafeRunner.java:45)
	at org.eclipse.ui.navigator.NavigatorActionService.addCommonActionProviderMenu(NavigatorActionService.java:222)
	at org.eclipse.ui.navigator.NavigatorActionService.fillContextMenu(NavigatorActionService.java:177)
	at org.eclipse.ui.navigator.CommonNavigatorManager.fillContextMenu(CommonNavigatorManager.java:258)
	at org.eclipse.jface.action.MenuManager.fireAboutToShow(MenuManager.java:338)
	at org.eclipse.jface.action.MenuManager.handleAboutToShow(MenuManager.java:468)
	at org.eclipse.jface.action.MenuManager$2.menuShown(MenuManager.java:495)
	at org.eclipse.swt.widgets.TypedListener.handleEvent(TypedListener.java:259)
	at org.eclipse.swt.widgets.EventTable.sendEvent(EventTable.java:89)
	at org.eclipse.swt.widgets.Display.sendEvent(Display.java:4256)
	at org.eclipse.swt.widgets.Widget.sendEvent(Widget.java:1066)
	at org.eclipse.swt.widgets.Widget.sendEvent(Widget.java:1090)
	at org.eclipse.swt.widgets.Widget.sendEvent(Widget.java:1071)
	at org.eclipse.swt.widgets.Control.WM_INITMENUPOPUP(Control.java:5140)
	at org.eclipse.swt.widgets.Control.windowProc(Control.java:4772)
	at org.eclipse.swt.widgets.Canvas.windowProc(Canvas.java:340)
	at org.eclipse.swt.widgets.Decorations.windowProc(Decorations.java:1478)
	at org.eclipse.swt.widgets.Shell.windowProc(Shell.java:2284)
	at org.eclipse.swt.widgets.Display.windowProc(Display.java:5022)
	at org.eclipse.swt.internal.win32.OS.TrackPopupMenu(Native Method)
	at org.eclipse.swt.widgets.Menu._setVisible(Menu.java:237)
	at org.eclipse.swt.widgets.Display.runPopups(Display.java:4095)
	at org.eclipse.swt.widgets.Display.readAndDispatch(Display.java:3636)
	at org.eclipse.e4.ui.internal.workbench.swt.PartRenderingEngine$5.run(PartRenderingEngine.java:1155)
	at org.eclipse.core.databinding.observable.Realm.runWithDefault(Realm.java:338)
	at org.eclipse.e4.ui.internal.workbench.swt.PartRenderingEngine.run(PartRenderingEngine.java:1046)
	at org.eclipse.e4.ui.internal.workbench.E4Workbench.createAndRunUI(E4Workbench.java:155)
	at org.eclipse.ui.internal.Workbench.lambda$3(Workbench.java:643)
	at org.eclipse.core.databinding.observable.Realm.runWithDefault(Realm.java:338)
	at org.eclipse.ui.internal.Workbench.createAndRunWorkbench(Workbench.java:550)
	at org.eclipse.ui.PlatformUI.createAndRunWorkbench(PlatformUI.java:171)
	at org.eclipse.ui.internal.ide.application.IDEApplication.start(IDEApplication.java:152)
	at org.eclipse.equinox.internal.app.EclipseAppHandle.run(EclipseAppHandle.java:203)
	at org.eclipse.core.runtime.internal.adaptor.EclipseAppLauncher.runApplication(EclipseAppLauncher.java:136)
	at org.eclipse.core.runtime.internal.adaptor.EclipseAppLauncher.start(EclipseAppLauncher.java:104)
	at org.eclipse.core.runtime.adaptor.EclipseStarter.run(EclipseStarter.java:402)
	at org.eclipse.core.runtime.adaptor.EclipseStarter.run(EclipseStarter.java:255)
	at java.base/jdk.internal.reflect.DirectMethodHandleAccessor.invoke(DirectMethodHandleAccessor.java:104)
	at java.base/java.lang.reflect.Method.invoke(Method.java:578)
	at org.eclipse.equinox.launcher.Main.invokeFramework(Main.java:659)
	at org.eclipse.equinox.launcher.Main.basicRun(Main.java:596)
	at org.eclipse.equinox.launcher.Main.run(Main.java:1467)
!SUBENTRY 1 org.eclipse.core.expressions 4 201 2023-01-17 18:03:41.215
!MESSAGE No property tester contributes a property org.eclipse.core.resources.projectNature to type class org.eclipse.jdt.internal.core.PackageFragment

!ENTRY org.eclipse.lsp4e 4 0 2023-01-17 18:14:33.076
!MESSAGE java.lang.NullPointerException: Cannot invoke "java.util.List.stream()" because "actions" is null
!STACK 0
java.util.concurrent.ExecutionException: java.lang.NullPointerException: Cannot invoke "java.util.List.stream()" because "actions" is null
	at java.base/java.util.concurrent.CompletableFuture.reportGet(CompletableFuture.java:396)
	at java.base/java.util.concurrent.CompletableFuture.get(CompletableFuture.java:2096)
	at org.eclipse.lsp4e.operations.codeactions.LSPCodeActionQuickAssistProcessor.computeQuickAssistProposals(LSPCodeActionQuickAssistProcessor.java:179)
	at org.eclipse.lsp4e.jdt.LspJavaQuickAssistProcessor.getAssists(LspJavaQuickAssistProcessor.java:59)
	at org.eclipse.jdt.internal.ui.text.correction.JavaCorrectionProcessor$SafeAssistCollector.safeRun(JavaCorrectionProcessor.java:404)
	at org.eclipse.jdt.internal.ui.text.correction.JavaCorrectionProcessor$SafeCorrectionProcessorAccess.run(JavaCorrectionProcessor.java:341)
	at org.eclipse.core.runtime.SafeRunner.run(SafeRunner.java:45)
	at org.eclipse.jdt.internal.ui.text.correction.JavaCorrectionProcessor$SafeCorrectionProcessorAccess.process(JavaCorrectionProcessor.java:330)
	at org.eclipse.jdt.internal.ui.text.correction.JavaCorrectionProcessor.collectAssists(JavaCorrectionProcessor.java:506)
	at org.eclipse.jdt.internal.ui.text.correction.JavaCorrectionProcessor.collectProposals(JavaCorrectionProcessor.java:291)
	at org.eclipse.jdt.internal.ui.text.correction.JavaCorrectionProcessor.computeQuickAssistProposals(JavaCorrectionProcessor.java:247)
	at org.eclipse.jface.text.quickassist.QuickAssistAssistant$ContentAssistProcessor.computeCompletionProposals(QuickAssistAssistant.java:71)
	at org.eclipse.jface.text.contentassist.ContentAssistant$2.lambda$0(ContentAssistant.java:2063)
	at java.base/java.util.Collections$SingletonSet.forEach(Collections.java:4905)
	at org.eclipse.jface.text.contentassist.ContentAssistant$2.run(ContentAssistant.java:2062)
	at org.eclipse.core.runtime.SafeRunner.run(SafeRunner.java:45)
	at org.eclipse.jface.text.contentassist.ContentAssistant.computeCompletionProposals(ContentAssistant.java:2059)
	at org.eclipse.jface.text.contentassist.CompletionProposalPopup.computeProposals(CompletionProposalPopup.java:577)
	at org.eclipse.jface.text.contentassist.CompletionProposalPopup.lambda$0(CompletionProposalPopup.java:507)
	at org.eclipse.swt.custom.BusyIndicator.showWhile(BusyIndicator.java:74)
	at org.eclipse.jface.text.contentassist.CompletionProposalPopup.showProposals(CompletionProposalPopup.java:502)
	at org.eclipse.jface.text.contentassist.ContentAssistant.showPossibleCompletions(ContentAssistant.java:1873)
	at org.eclipse.jface.text.quickassist.QuickAssistAssistant.showPossibleQuickAssists(QuickAssistAssistant.java:113)
	at org.eclipse.jdt.internal.ui.text.correction.JavaCorrectionAssistant.showPossibleQuickAssists(JavaCorrectionAssistant.java:194)
	at org.eclipse.jdt.internal.ui.javaeditor.CompilationUnitEditor$AdaptedSourceViewer.doOperation(CompilationUnitEditor.java:201)
	at org.eclipse.ui.texteditor.TextOperationAction.lambda$0(TextOperationAction.java:130)
	at org.eclipse.swt.custom.BusyIndicator.showWhile(BusyIndicator.java:74)
	at org.eclipse.ui.texteditor.TextOperationAction.run(TextOperationAction.java:130)
	at org.eclipse.jface.action.Action.runWithEvent(Action.java:474)
	at org.eclipse.jface.commands.ActionHandler.execute(ActionHandler.java:121)
	at org.eclipse.ui.internal.handlers.E4HandlerProxy.execute(E4HandlerProxy.java:97)
	at java.base/jdk.internal.reflect.DirectMethodHandleAccessor.invoke(DirectMethodHandleAccessor.java:104)
	at java.base/java.lang.reflect.Method.invoke(Method.java:578)
	at org.eclipse.e4.core.internal.di.MethodRequestor.execute(MethodRequestor.java:58)
	at org.eclipse.e4.core.internal.di.InjectorImpl.invokeUsingClass(InjectorImpl.java:317)
	at org.eclipse.e4.core.internal.di.InjectorImpl.invoke(InjectorImpl.java:251)
	at org.eclipse.e4.core.contexts.ContextInjectionFactory.invoke(ContextInjectionFactory.java:173)
	at org.eclipse.e4.core.commands.internal.HandlerServiceHandler.execute(HandlerServiceHandler.java:156)
	at org.eclipse.core.commands.Command.executeWithChecks(Command.java:488)
	at org.eclipse.core.commands.ParameterizedCommand.executeWithChecks(ParameterizedCommand.java:485)
	at org.eclipse.e4.core.commands.internal.HandlerServiceImpl.executeHandler(HandlerServiceImpl.java:213)
	at org.eclipse.e4.ui.bindings.keys.KeyBindingDispatcher.executeCommand(KeyBindingDispatcher.java:308)
	at org.eclipse.e4.ui.bindings.keys.KeyBindingDispatcher.press(KeyBindingDispatcher.java:580)
	at org.eclipse.e4.ui.bindings.keys.KeyBindingDispatcher.processKeyEvent(KeyBindingDispatcher.java:647)
	at org.eclipse.e4.ui.bindings.keys.KeyBindingDispatcher.filterKeySequenceBindings(KeyBindingDispatcher.java:439)
	at org.eclipse.e4.ui.bindings.keys.KeyBindingDispatcher$KeyDownFilter.handleEvent(KeyBindingDispatcher.java:96)
	at org.eclipse.swt.widgets.EventTable.sendEvent(EventTable.java:89)
	at org.eclipse.swt.widgets.Display.filterEvent(Display.java:1286)
	at org.eclipse.swt.widgets.Widget.sendEvent(Widget.java:1065)
	at org.eclipse.swt.widgets.Widget.sendEvent(Widget.java:1090)
	at org.eclipse.swt.widgets.Widget.sendEvent(Widget.java:1075)
	at org.eclipse.swt.widgets.Widget.sendKeyEvent(Widget.java:1117)
	at org.eclipse.swt.widgets.Widget.sendKeyEvent(Widget.java:1113)
	at org.eclipse.swt.widgets.Widget.wmKeyDown(Widget.java:1840)
	at org.eclipse.swt.widgets.Control.WM_KEYDOWN(Control.java:5152)
	at org.eclipse.swt.widgets.Canvas.WM_KEYDOWN(Canvas.java:406)
	at org.eclipse.swt.widgets.Control.windowProc(Control.java:4775)
	at org.eclipse.swt.widgets.Canvas.windowProc(Canvas.java:340)
	at org.eclipse.swt.widgets.Display.windowProc(Display.java:5022)
	at org.eclipse.swt.internal.win32.OS.DispatchMessage(Native Method)
	at org.eclipse.swt.widgets.Display.readAndDispatch(Display.java:3640)
	at org.eclipse.e4.ui.internal.workbench.swt.PartRenderingEngine$5.run(PartRenderingEngine.java:1155)
	at org.eclipse.core.databinding.observable.Realm.runWithDefault(Realm.java:338)
	at org.eclipse.e4.ui.internal.workbench.swt.PartRenderingEngine.run(PartRenderingEngine.java:1046)
	at org.eclipse.e4.ui.internal.workbench.E4Workbench.createAndRunUI(E4Workbench.java:155)
	at org.eclipse.ui.internal.Workbench.lambda$3(Workbench.java:643)
	at org.eclipse.core.databinding.observable.Realm.runWithDefault(Realm.java:338)
	at org.eclipse.ui.internal.Workbench.createAndRunWorkbench(Workbench.java:550)
	at org.eclipse.ui.PlatformUI.createAndRunWorkbench(PlatformUI.java:171)
	at org.eclipse.ui.internal.ide.application.IDEApplication.start(IDEApplication.java:152)
	at org.eclipse.equinox.internal.app.EclipseAppHandle.run(EclipseAppHandle.java:203)
	at org.eclipse.core.runtime.internal.adaptor.EclipseAppLauncher.runApplication(EclipseAppLauncher.java:136)
	at org.eclipse.core.runtime.internal.adaptor.EclipseAppLauncher.start(EclipseAppLauncher.java:104)
	at org.eclipse.core.runtime.adaptor.EclipseStarter.run(EclipseStarter.java:402)
	at org.eclipse.core.runtime.adaptor.EclipseStarter.run(EclipseStarter.java:255)
	at java.base/jdk.internal.reflect.DirectMethodHandleAccessor.invoke(DirectMethodHandleAccessor.java:104)
	at java.base/java.lang.reflect.Method.invoke(Method.java:578)
	at org.eclipse.equinox.launcher.Main.invokeFramework(Main.java:659)
	at org.eclipse.equinox.launcher.Main.basicRun(Main.java:596)
	at org.eclipse.equinox.launcher.Main.run(Main.java:1467)
Caused by: java.lang.NullPointerException: Cannot invoke "java.util.List.stream()" because "actions" is null
	at org.eclipse.lsp4e.operations.codeactions.LSPCodeActionQuickAssistProcessor.lambda$7(LSPCodeActionQuickAssistProcessor.java:172)
	at java.base/java.util.concurrent.CompletableFuture$UniAccept.tryFire(CompletableFuture.java:718)
	at java.base/java.util.concurrent.CompletableFuture$Completion.exec(CompletableFuture.java:483)
	at java.base/java.util.concurrent.ForkJoinTask.doExec(ForkJoinTask.java:387)
	at java.base/java.util.concurrent.ForkJoinPool$WorkQueue.topLevelExec(ForkJoinPool.java:1311)
	at java.base/java.util.concurrent.ForkJoinPool.scan(ForkJoinPool.java:1840)
	at java.base/java.util.concurrent.ForkJoinPool.runWorker(ForkJoinPool.java:1806)
	at java.base/java.util.concurrent.ForkJoinWorkerThread.run(ForkJoinWorkerThread.java:177)
